Lunar IPS (LIPS) Version 1.03
Apply IPS Patch Log

Offset    Size    RLE    IPS_File_Range       IPS_File_Size
------    ----    ID     00000000-00000004        5
010B4F       5    No     00000005-0000000E        A
010C8B       B    No     0000000F-0000001E       10
01104A       3    No     0000001F-00000026        8
0110EF       8    No     00000027-00000033        D
011153       1    No     00000034-00000039        6
01116D       2    No     0000003A-00000040        7
016AA2       8    No     00000041-0000004D        D
017523       1    No     0000004E-00000053        6
01754D       2    No     00000054-0000005A        7
017567      14    No     0000005B-00000073       19
017B4D       5    No     00000074-0000007D        A
017B61       3    No     0000007E-00000085        8
017FFC       4    No     00000086-0000008E        9
01F547       3    No     0000008F-00000096        8
0687F0      22    No     00000097-000000BD       27
06FFA0       2    No     000000BE-000000C4        7
06FFAD       1    No     000000C5-000000CA        6
07CA02      1E    No     000000CB-000000ED       23
07CA26     261    No     000000EE-00000353      266
07CC8E      84    No     00000354-000003DC       89
07CD1A       E    No     000003DD-000003EF       13
07CD3E      36    No     000003F0-0000042A       3B
07CD7A       6    No     0000042B-00000435        B
07CE39       1    No     00000436-0000043B        6
07CE42       1    No     0000043C-00000441        6
07CE50       7    No     00000442-0000044D        C
07CEC5       1    No     0000044E-00000453        6
07CF2C       B    No     00000454-00000463       10
107165       1    No     00000464-00000469        6
10716E       E    No     0000046A-0000047C       13
107D10       4    No     0000047D-00000485        9
107D1E       2    No     00000486-0000048C        7
107DE9       B    No     0000048D-0000049C       10
10CC7B       2    No     0000049D-000004A3        7
145C00      E0    No     000004A4-00000588       E5
145E00     100    No     00000589-0000068D      105
146000     990    No     0000068E-00001022      995
1469A0      C0    No     00001023-000010E7       C5
146A80     410    No     000010E8-000014FC      415
146EA0      5A    No     000014FD-0000155B       5F
146F00     680    No     0000155C-00001BE0      685
1475A0      E0    No     00001BE1-00001CC5       E5
1476A0     1E0    No     00001CC6-00001EAA      1E5
1478A0      20    No     00001EAB-00001ECF       25
1478E0      60    No     00001ED0-00001F34       65
147960     140    No     00001F35-00002079      145
147AE0      20    No     0000207A-0000209E       25
147B20      40    No     0000209F-000020E3       45
147B80      E0    No     000020E4-000021C8       E5
147D20     100    No     000021C9-000022CD      105
147E40      20    No     000022CE-000022F2       25
147E80      20    No     000022F3-00002317       25
147EC0      20    No     00002318-0000233C       25
147F00      1F    No     0000233D-00002360       24
147F40      20    No     00002361-00002385       25
147F80      20    No     00002386-000023AA       25
147FC0      20    No     000023AB-000023CF       25
148004      78    No     000023D0-0000244C       7D
14807E       A    Yes    0000244D-00002454        8
14808A      86    No     00002455-000024DF       8B
148116      1A    No     000024E0-000024FE       1F
148130       E    Yes    000024FF-00002506        8
14813E       2    No     00002507-0000250D        7
148140       8    Yes    0000250E-00002515        8
14814E       1    No     00002516-0000251B        6
148150      2E    Yes    0000251C-00002523        8
148180      30    No     00002524-00002558       35
1481B0      10    Yes    00002559-00002560        8
1481C0      C8    No     00002561-0000262D       CD
148290       7    No     0000262E-00002639        C
1482A0       9    No     0000263A-00002647        E
1482A9      17    Yes    00002648-0000264F        8
1482C0      32    No     00002650-00002686       37
1482F2      18    Yes    00002687-0000268E        8
14830A      56    No     0000268F-000026E9       5B
148360       B    Yes    000026EA-000026F1        8
14836E       1    No     000026F2-000026F7        6
148370      10    Yes    000026F8-000026FF        8
148380     16B    No     00002700-0000286F      170
1484EB      16    Yes    00002870-00002877        8
148501      3F    No     00002878-000028BB       44
148549     588    No     000028BC-00002E48      58D
148AD1      3B    Yes    00002E49-00002E50        8
148B0C       3    No     00002E51-00002E58        8
148B10       F    Yes    00002E59-00002E60        8
148B20      71    No     00002E61-00002ED6       76
148B9A     1D5    No     00002ED7-000030B0      1DA
148D6F       F    Yes    000030B1-000030B8        8
148D7E     262    No     000030B9-0000331F      267
148FE0      20    Yes    00003320-00003327        8
149000      92    No     00003328-000033BE       97
149092       E    Yes    000033BF-000033C6        8
1490A0      53    No     000033C7-0000341E       58
1490F3       E    Yes    0000341F-00003426        8
149108     1F2    No     00003427-0000361D      1F7
1492FA      12    Yes    0000361E-00003625        8
14930C       4    No     00003626-0000362E        9
149310       F    Yes    0000362F-00003636        8
14931F      91    No     00003637-000036CC       96
1493B0       E    Yes    000036CD-000036D4        8
1493BE     373    No     000036D5-00003A4C      378
149740      3E    No     00003A4D-00003A8F       43
14977E      10    Yes    00003A90-00003A97        8
14978E       1    No     00003A98-00003A9D        6
14978F      1A    Yes    00003A9E-00003AA5        8
1497AA      16    No     00003AA6-00003AC0       1B
1497C8       8    No     00003AC1-00003ACD        D
1497D8       7    No     00003ACE-00003AD9        C
1497E6      5F    No     00003ADA-00003B3D       64
14984C       4    No     00003B3E-00003B46        9
14985E      92    No     00003B47-00003BDD       97
1498F6     27C    No     00003BDE-00003E5E      281
149B72       E    Yes    00003E5F-00003E66        8
149B80      3A    No     00003E67-00003EA5       3F
149BC0      28    No     00003EA6-00003ED2       2D
149BF0       2    No     00003ED3-00003ED9        7
149BF2       E    Yes    00003EDA-00003EE1        8
149C00      20    No     00003EE2-00003F06       25
149C26      11    Yes    00003F07-00003F0E        8
149C44     29B    No     00003F0F-000041AE      2A0
149EE0      19    Yes    000041AF-000041B6        8
149F00      33    No     000041B7-000041EE       38
149F3C      69    No     000041EF-0000425C       6E
149FAB      1C    Yes    0000425D-00004264        8
149FC8       1    No     00004265-0000426A        6
149FC9      17    Yes    0000426B-00004272        8
149FE0       B    No     00004273-00004282       10
149FEB      15    Yes    00004283-0000428A        8
14A000      47    No     0000428B-000042D6       4C
14A047      67    Yes    000042D7-000042DE        8
14A0AE       1    No     000042DF-000042E4        6
14A0AF      15    Yes    000042E5-000042EC        8
14A0C4     36B    No     000042ED-0000465C      370
14A430      10    Yes    0000465D-00004664        8
14A440      A1    No     00004665-0000470A       A6
14A4E1      48    Yes    0000470B-00004712        8
14A52A      66    No     00004713-0000477D       6B
14A598       3    No     0000477E-00004785        8
14A59C      28    Yes    00004786-0000478D        8
14A5C4      9C    No     0000478E-0000482E       A1
14A660      2C    Yes    0000482F-00004836        8
14A68C       3    No     00004837-0000483E        8
14A68F       F    Yes    0000483F-00004846        8
14A69E      81    No     00004847-000048CC       86
14A71F      21    Yes    000048CD-000048D4        8
14A740      9F    No     000048D5-00004978       A4
14A7DF      21    Yes    00004979-00004980        8
14A800     12B    No     00004981-00004AB0      130
14A92B      15    Yes    00004AB1-00004AB8        8
14A940      37    No     00004AB9-00004AF4       3C
14A977      15    Yes    00004AF5-00004AFC        8
14A98C       3    No     00004AFD-00004B04        8
14A98F       F    Yes    00004B05-00004B0C        8
14A99E     2EA    No     00004B0D-00004DFB      2EF
14ACA0      78    No     00004DFC-00004E78       7D
14AD1E      42    Yes    00004E79-00004E80        8
14AD60       1    No     00004E81-00004E86        6
14AD62      1D    Yes    00004E87-00004E8E        8
14AD80      41    No     00004E8F-00004ED4       46
14ADD8      28    Yes    00004ED5-00004EDC        8
14AE00      9F    No     00004EDD-00004F80       A4
14AE9F      20    Yes    00004F81-00004F88        8
14AEC0     227    No     00004F89-000051B4      22C
14B0EF      11    Yes    000051B5-000051BC        8
14B100      9F    No     000051BD-00005260       A4
14B19F      21    Yes    00005261-00005268        8
14B1C0      47    No     00005269-000052B4       4C
14B207      19    Yes    000052B5-000052BC        8
14B220      4F    No     000052BD-00005310       54
14B26F      15    Yes    00005311-00005318        8
14B284     4D3    No     00005319-000057F0      4D8
14B760      46    No     000057F1-0000583B       4B
14B7B0       F    Yes    0000583C-00005843        8
14B7C0      4F    No     00005844-00005897       54
14B80F      10    Yes    00005898-0000589F        8
14B820      4F    No     000058A0-000058F3       54
14B86F      11    Yes    000058F4-000058FB        8
14B880       F    No     000058FC-0000590F       14
14B88F      11    Yes    00005910-00005917        8
14B8A0      9D    No     00005918-000059B9       A2
14B93D      11    Yes    000059BA-000059C1        8
14B94E       1    No     000059C2-000059C7        6
14B94F      10    Yes    000059C8-000059CF        8
14B960       F    No     000059D0-000059E3       14
14B96F      11    Yes    000059E4-000059EB        8
14B980      61    No     000059EC-00005A51       66
14B9E1      1E    Yes    00005A52-00005A59        8
14BA00      11    No     00005A5A-00005A6F       16
14BA17      59    No     00005A70-00005ACD       5E
14BA78      2A    No     00005ACE-00005AFC       2F
14BAA8      18    Yes    00005AFD-00005B04        8
14BAC0      A0    No     00005B05-00005BA9       A5
14BB60      20    Yes    00005BAA-00005BB1        8
14BB80      AF    No     00005BB2-00005C65       B4
14BC2F      11    Yes    00005C66-00005C6D        8
14BC40      C1    No     00005C6E-00005D33       C6
14BD01      1F    Yes    00005D34-00005D3B        8
14BD20      A0    No     00005D3C-00005DE0       A5
14BDC0      20    Yes    00005DE1-00005DE8        8
14BDE0      18    No     00005DE9-00005E05       1D
14BE00      78    No     00005E06-00005E82       7D
14BE78      10    Yes    00005E83-00005E8A        8
14BE88     1EF    No     00005E8B-0000607E      1F4
14C080     3BA    No     0000607F-0000643D      3BF
14C440      3C    No     0000643E-0000647E       41
14C47C      3C    Yes    0000647F-00006486        8
14C4C8      58    No     00006487-000064E3       5D
14C520      27    Yes    000064E4-000064EB        8
14C548       B    No     000064EC-000064FB       10
14C55C       4    No     000064FC-00006504        9
14C568       7    No     00006505-00006510        C
14C577     3DE    No     00006511-000068F3      3E3
14C960       F    No     000068F4-00006907       14
14C96F       E    Yes    00006908-0000690F        8
14C980      41    No     00006910-00006955       46
14C9C1      1A    Yes    00006956-0000695D        8
14C9E0      2B    No     0000695E-0000698D       30
14CA0B      15    Yes    0000698E-00006995        8
14CA20       5    No     00006996-0000699F        A
14CA25      1B    Yes    000069A0-000069A7        8
14CA40      2D    No     000069A8-000069D9       32
14CA6D      15    Yes    000069DA-000069E1        8
14CA82     39D    No     000069E2-00006D83      3A2
14CE1F      10    Yes    00006D84-00006D8B        8
14CE30      11    No     00006D8C-00006DA1       16
14CE41       F    Yes    00006DA2-00006DA9        8
14CE50      50    No     00006DAA-00006DFE       55
14CEAD     11B    No     00006DFF-00006F1E      120
14CFD0      DF    No     00006F1F-00007002       E4
14D0AF      1D    Yes    00007003-0000700A        8
14D0CC       4    No     0000700B-00007013        9
14D0D0       F    Yes    00007014-0000701B        8
14D0DF     1C0    No     0000701C-000071E0      1C5
14D29F      20    Yes    000071E1-000071E8        8
14D2C0      40    No     000071E9-0000722D       45
14D306      6A    No     0000722E-0000729C       6F
14D376     171    No     0000729D-00007412      176
14D4E7      19    Yes    00007413-0000741A        8
14D500      10    No     0000741B-0000742F       15
14D510      10    Yes    00007430-00007437        8
14D520      51    No     00007438-0000748D       56
14D571       F    Yes    0000748E-00007495        8
14D580      17    No     00007496-000074B1       1C
14D597      28    Yes    000074B2-000074B9        8
14D5C0      2F    No     000074BA-000074ED       34
14D5EF      11    Yes    000074EE-000074F5        8
14D600      6F    No     000074F6-00007569       74
14D670      1C    Yes    0000756A-00007571        8
14D68C       4    No     00007572-0000757A        9
14D690       E    Yes    0000757B-00007582        8
14D69E      82    No     00007583-00007609       87
14D728       9    No     0000760A-00007617        E
14D73A      16    No     00007618-00007632       1B
14D75C     385    No     00007633-000079BC      38A
14DAE2      1E    Yes    000079BD-000079C4        8
14DB00      A0    No     000079C5-00007A69       A5
14DBA2      19    Yes    00007A6A-00007A71        8
14DBC0      38    No     00007A72-00007AAE       3D
14DBFE      72    No     00007AAF-00007B25       77
14DC8C       3    No     00007B26-00007B2D        8
14DC9E     3EE    No     00007B2E-00007F20      3F3
14E08C      14    Yes    00007F21-00007F28        8
14E0A0     128    No     00007F29-00008055      12D
14E1D0      96    No     00008056-000080F0       9B
14E266      20    Yes    000080F1-000080F8        8
14E286     5FB    No     000080F9-000086F8      600
14E887       8    No     000086F9-00008705        D
14E898       1    No     00008706-0000870B        6
14E8A4       C    No     0000870C-0000871C       11
14E8B6      5B    No     0000871D-0000877C       60
14E918      3F    No     0000877D-000087C0       44
14E96E      12    Yes    000087C1-000087C8        8
14E980     4FB    No     000087C9-00008CC8      500
14EE7B      2A    Yes    00008CC9-00008CD0        8
14EEAC       4    No     00008CD1-00008CD9        9
14EEB8      A8    No     00008CDA-00008D86       AD
14EF60       E    Yes    00008D87-00008D8E        8
14EF6E       1    No     00008D8F-00008D94        6
14EF6F      1D    Yes    00008D95-00008D9C        8
14EF8C       4    No     00008D9D-00008DA5        9
14EF90       E    Yes    00008DA6-00008DAD        8
14EF9E     485    No     00008DAE-00009237      48A
14F423      1D    Yes    00009238-0000923F        8
14F440       1    No     00009240-00009245        6
14F441      42    Yes    00009246-0000924D        8
14F483      E5    No     0000924E-00009337       EA
14F568       E    Yes    00009338-0000933F        8
14F576     4CC    No     00009340-00009810      4D1
14FA42       E    Yes    00009811-00009818        8
14FA50       B    No     00009819-00009828       10
14FA5B      15    Yes    00009829-00009830        8
14FA74       1    No     00009831-00009836        6
14FA88      29    Yes    00009837-0000983E        8
14FAC4      5B    No     0000983F-0000989E       60
14FB1F      10    Yes    0000989F-000098A6        8
14FB60      9F    No     000098A7-0000994A       A4
14FBFF      21    Yes    0000994B-00009952        8
14FC20     21B    No     00009953-00009B72      220
14FE3B      B0    Yes    00009B73-00009B7A        8
14FF00      1B    No     00009B7B-00009B9A       20
14FF20      E9    Yes    00009B9B-00009BA2        8
150019      57    No     00009BA3-00009BFE       5C
150076     181    No     00009BFF-00009D84      186
150200      9E    No     00009D85-00009E27       A3
1502A0       C    Yes    00009E28-00009E2F        8
1502AC       3    No     00009E30-00009E37        8
1502B0      10    Yes    00009E38-00009E3F        8
1502C0      1E    No     00009E40-00009E62       23
1502DE       E    Yes    00009E63-00009E6A        8
1502EC       3    No     00009E6B-00009E72        8
1502EF      11    Yes    00009E73-00009E7A        8
150300      60    No     00009E7B-00009EDF       65
150360      20    Yes    00009EE0-00009EE7        8
150380     118    No     00009EE8-0000A004      11D
1504A0      40    No     0000A005-0000A049       45
1504E0      22    Yes    0000A04A-0000A051        8
150502      FE    No     0000A052-0000A154      103
150606       A    No     0000A155-0000A163        F
150618      19    No     0000A164-0000A181       1E
150644      2B    No     0000A182-0000A1B1       30
150672       E    Yes    0000A1B2-0000A1B9        8
150680     111    No     0000A1BA-0000A2CF      116
150791       F    Yes    0000A2D0-0000A2D7        8
1507A0      60    No     0000A2D8-0000A33C       65
150800      20    Yes    0000A33D-0000A344        8
150820      21    No     0000A345-0000A36A       26
150842      1E    Yes    0000A36B-0000A372        8
150860      19    No     0000A373-0000A390       1E
150880       C    No     0000A391-0000A3A1       11
150894       6    No     0000A3A2-0000A3AC        B
1508A0      39    No     0000A3AD-0000A3EA       3E
1508E0     190    No     0000A3EB-0000A57F      195
150A79     150    No     0000A580-0000A6D4      155
150BC9      39    Yes    0000A6D5-0000A6DC        8
150C02     1DE    No     0000A6DD-0000A8BF      1E3
150DE0      22    Yes    0000A8C0-0000A8C7        8
150E02      5B    No     0000A8C8-0000A927       60
150E5D      23    Yes    0000A928-0000A92F        8
150E80       9    No     0000A930-0000A93D        E
150E89      17    Yes    0000A93E-0000A945        8
150EA0      3E    No     0000A946-0000A988       43
150EDE      22    Yes    0000A989-0000A990        8
150F00      70    No     0000A991-0000AA05       75
150F76     23C    No     0000AA06-0000AC46      241
1511B8      21    No     0000AC47-0000AC6C       26
1511D9      26    Yes    0000AC6D-0000AC74        8
15120A       6    No     0000AC75-0000AC7F        B
15121C     1FE    No     0000AC80-0000AE82      203
151420      15    No     0000AE83-0000AE9C       1A
15143C      38    No     0000AE9D-0000AED9       3D
151474      2C    Yes    0000AEDA-0000AEE1        8
1514A0      18    No     0000AEE2-0000AEFE       1D
1514C0      9A    No     0000AEFF-0000AF9D       9F
15155E      22    Yes    0000AF9E-0000AFA5        8
151580     20B    No     0000AFA6-0000B1B5      210
15178B      15    Yes    0000B1B6-0000B1BD        8
1517A0      5E    No     0000B1BE-0000B220       63
1517FE      29    Yes    0000B221-0000B228        8
151828      77    No     0000B229-0000B2A4       7C
1518A0       E    Yes    0000B2A5-0000B2AC        8
1518AE       1    No     0000B2AD-0000B2B2        6
1518AF      10    Yes    0000B2B3-0000B2BA        8
1518C4     150    No     0000B2BB-0000B40F      155
151A14      2C    Yes    0000B410-0000B417        8
151A40      12    No     0000B418-0000B42E       17
151A52       E    Yes    0000B42F-0000B436        8
151A60      33    No     0000B437-0000B46E       38
151A93      69    Yes    0000B46F-0000B476        8
151B02      2E    No     0000B477-0000B4A9       33
151B36      6A    No     0000B4AA-0000B518       6F
151BA0      20    Yes    0000B519-0000B520        8
151BC0      A1    No     0000B521-0000B5C6       A6
151C68       7    No     0000B5C7-0000B5D2        C
151C78     180    No     0000B5D3-0000B757      185
151DFF      B0    No     0000B758-0000B80C       B5
151EC0     26F    No     0000B80D-0000BA80      274
152130       D    Yes    0000BA81-0000BA88        8
15213D      63    No     0000BA89-0000BAF0       68
1521A1       D    Yes    0000BAF1-0000BAF8        8
1521AE       1    No     0000BAF9-0000BAFE        6
1521AF      11    Yes    0000BAFF-0000BB06        8
1521C0     237    No     0000BB07-0000BD42      23C
15240E       1    No     0000BD43-0000BD48        6
152418       F    Yes    0000BD49-0000BD50        8
152428      8D    No     0000BD51-0000BDE2       92
1524BB     116    No     0000BDE3-0000BEFD      11B
1525D1       F    Yes    0000BEFE-0000BF05        8
1525E0       3    No     0000BF06-0000BF0D        8
1525E3      1D    Yes    0000BF0E-0000BF15        8
152600      23    No     0000BF16-0000BF3D       28
152630       7    No     0000BF3E-0000BF49        C
152640      7C    No     0000BF4A-0000BFCA       81
1526BC      40    Yes    0000BFCB-0000BFD2        8
152700      F0    No     0000BFD3-0000C0C7       F5
1527F0       E    Yes    0000C0C8-0000C0CF        8
1527FE      E3    No     0000C0D0-0000C1B7       E8
1528E1      1F    Yes    0000C1B8-0000C1BF        8
152900      DF    No     0000C1C0-0000C2A3       E4
1529EC       3    No     0000C2A4-0000C2AB        8
1529FE     231    No     0000C2AC-0000C4E1      236
152C2F      11    Yes    0000C4E2-0000C4E9        8
152C40      11    No     0000C4EA-0000C4FF       16
152C56       9    Yes    0000C500-0000C507        8
152C60      A9    No     0000C508-0000C5B5       AE
152D09      17    Yes    0000C5B6-0000C5BD        8
152D20       F    No     0000C5BE-0000C5D1       14
152D2F      11    Yes    0000C5D2-0000C5D9        8
152D40      BF    No     0000C5DA-0000C69D       C4
152DFF      21    Yes    0000C69E-0000C6A5        8
152E20       3    No     0000C6A6-0000C6AD        8
152E23      1D    Yes    0000C6AE-0000C6B5        8
152E40       B    No     0000C6B6-0000C6C5       10
152E4B      15    Yes    0000C6C6-0000C6CD        8
152E61       C    No     0000C6CE-0000C6DE       11
152E6D      11    Yes    0000C6DF-0000C6E6        8
152E80      73    No     0000C6E7-0000C75E       78
152EF3       A    Yes    0000C75F-0000C766        8
152F04       5    No     0000C767-0000C770        A
152F10       5    Yes    0000C771-0000C778        8
152F20      60    No     0000C779-0000C7DD       65
152F86      5D    No     0000C7DE-0000C83F       62
152FE4      3B    Yes    0000C840-0000C847        8
153020      E5    No     0000C848-0000C931       EA
153105      1B    Yes    0000C932-0000C939        8
153120      10    No     0000C93A-0000C94E       15
153130       D    Yes    0000C94F-0000C956        8
15313E      AF    No     0000C957-0000CA0A       B4
1531ED      33    Yes    0000CA0B-0000CA12        8
153220       F    No     0000CA13-0000CA26       14
15322F       F    Yes    0000CA27-0000CA2E        8
15323F      96    No     0000CA2F-0000CAC9       9B
1532D6      12    Yes    0000CACA-0000CAD1        8
1532E8       7    No     0000CAD2-0000CADD        C
1532EF      30    Yes    0000CADE-0000CAE5        8
153320      D7    No     0000CAE6-0000CBC1       DC
1533F8      10    Yes    0000CBC2-0000CBC9        8
153408       7    No     0000CBCA-0000CBD5        C
15340F      11    Yes    0000CBD6-0000CBDD        8
153420     2D4    No     0000CBDE-0000CEB6      2D9
1536F4      38    Yes    0000CEB7-0000CEBE        8
15372C       3    No     0000CEBF-0000CEC6        8
153730       F    Yes    0000CEC7-0000CECE        8
15373F      83    No     0000CECF-0000CF56       88
1537C8      58    Yes    0000CF57-0000CF5E        8
153820      E7    No     0000CF5F-0000D04A       EC
153907      19    Yes    0000D04B-0000D052        8
153920      C8    No     0000D053-0000D11F       CD
1539EE      12    Yes    0000D120-0000D127        8
153A0C       4    No     0000D128-0000D130        9
153A10       8    Yes    0000D131-0000D138        8
153A20     477    No     0000D139-0000D5B4      47C
153E9D       8    No     0000D5B5-0000D5C1        D
153EA6      19    Yes    0000D5C2-0000D5C9        8
153EC4       3    No     0000D5CA-0000D5D1        8
153ECE      11    Yes    0000D5D2-0000D5D9        8
153EE0       3    No     0000D5DA-0000D5E1        8
153EF0      19    Yes    0000D5E2-0000D5E9        8
153F09      27    No     0000D5EA-0000D615       2C
153F30       E    Yes    0000D616-0000D61D        8
153F3E     25A    No     0000D61E-0000D87C      25F
15419E     252    No     0000D87D-0000DAD3      257
1543F0      10    Yes    0000DAD4-0000DADB        8
154400     2F7    No     0000DADC-0000DDD7      2FC
1546F7      33    Yes    0000DDD8-0000DDDF        8
15472A       8    No     0000DDE0-0000DDEC        D
154738       8    No     0000DDED-0000DDF9        D
154746       A    No     0000DDFA-0000DE08        F
154758       8    No     0000DE09-0000DE15        D
154766      6A    No     0000DE16-0000DE84       6F
1547DA      16    No     0000DE85-0000DE9F       1B
154804       C    No     0000DEA0-0000DEB0       11
154816      BB    No     0000DEB1-0000DF70       C0
1548D8      19    No     0000DF71-0000DF8E       1E
1548F1       F    Yes    0000DF8F-0000DF96        8
154900     350    No     0000DF97-0000E2EB      355
154C50       E    Yes    0000E2EC-0000E2F3        8
154C5E      13    No     0000E2F4-0000E30B       18
154C71       F    Yes    0000E30C-0000E313        8
154C80      11    No     0000E314-0000E329       16
154C91      2E    Yes    0000E32A-0000E331        8
154CC0      CE    No     0000E332-0000E404       D3
154D8E       A    Yes    0000E405-0000E40C        8
154D9C      13    No     0000E40D-0000E424       18
154DB7      48    No     0000E425-0000E471       4D
154DFF      21    Yes    0000E472-0000E479        8
154E20      11    No     0000E47A-0000E48F       16
154E31      10    Yes    0000E490-0000E497        8
154E41      16    No     0000E498-0000E4B2       1B
154E60     178    No     0000E4B3-0000E62F      17D
154FD8      28    Yes    0000E630-0000E637        8
155000      E0    No     0000E638-0000E71C       E5
1550E3      1D    Yes    0000E71D-0000E724        8
155100       3    No     0000E725-0000E72C        8
155103      1D    Yes    0000E72D-0000E734        8
155120      C0    No     0000E735-0000E7F9       C5
1551E8       8    No     0000E7FA-0000E806        D
1551F0      2E    Yes    0000E807-0000E80E        8
155220      D7    No     0000E80F-0000E8EA       DC
155304      1C    Yes    0000E8EB-0000E8F2        8
155320      50    No     0000E8F3-0000E947       55
155376      3C    No     0000E948-0000E988       41
1553B8      18    No     0000E989-0000E9A5       1D
1553E8       8    No     0000E9A6-0000E9B2        D
1553FE     1E2    No     0000E9B3-0000EB99      1E7
1555E0      20    Yes    0000EB9A-0000EBA1        8
155600      D5    No     0000EBA2-0000EC7B       DA
1556D5      2D    Yes    0000EC7C-0000EC83        8
155702      1D    No     0000EC84-0000ECA5       22
15571F      21    Yes    0000ECA6-0000ECAD        8
155740     3F1    No     0000ECAE-0000F0A3      3F6
155B38     3BE    No     0000F0A4-0000F466      3C3
155EF8      2F    Yes    0000F467-0000F46E        8
155F43      9C    No     0000F46F-0000F50F       A1
155FDF      44    Yes    0000F510-0000F517        8
156029       7    No     0000F518-0000F523        C
15603D      3A    No     0000F524-0000F562       3F
156080      7F    No     0000F563-0000F5E6       84
156100      1E    Yes    0000F5E7-0000F5EE        8
156120      DB    No     0000F5EF-0000F6CE       E0
1561FC      24    Yes    0000F6CF-0000F6D6        8
156220      C0    No     0000F6D7-0000F79B       C5
1562E7      1C    Yes    0000F79C-0000F7A3        8
156305     1EA    No     0000F7A4-0000F992      1EF
1564EF       F    Yes    0000F993-0000F99A        8
1564FE     171    No     0000F99B-0000FB10      176
156670      10    Yes    0000FB11-0000FB18        8
156681      7C    No     0000FB19-0000FB99       81
1566FD      23    Yes    0000FB9A-0000FBA1        8
156722       D    No     0000FBA2-0000FBB3       12
156732       B    Yes    0000FBB4-0000FBBB        8
15673E      12    No     0000FBBC-0000FBD2       17
156758      18    No     0000FBD3-0000FBEF       1D
156778      1E    No     0000FBF0-0000FC12       23
15679E       1    No     0000FC13-0000FC18        6
1567AA       5    No     0000FC19-0000FC22        A
1567C0      10    No     0000FC23-0000FC37       15
1567DA      8E    No     0000FC38-0000FCCA       93
15686E      11    Yes    0000FCCB-0000FCD2        8
156880      70    No     0000FCD3-0000FD47       75
1568F0      10    Yes    0000FD48-0000FD4F        8
156900      2F    No     0000FD50-0000FD83       34
156936     1CF    No     0000FD84-0000FF57      1D4
156B06      19    Yes    0000FF58-0000FF5F        8
156B20      78    No     0000FF60-0000FFDC       7D
156BA0      A1    No     0000FFDD-00010082       A6
156C41      1F    Yes    00010083-0001008A        8
156C60      71    No     0001008B-00010100       76
156CD1      4F    Yes    00010101-00010108        8
156D20       3    No     00010109-00010110        8
156D23      1C    Yes    00010111-00010118        8
156D40      6F    No     00010119-0001018C       74
156DAF      70    Yes    0001018D-00010194        8
156E20       5    No     00010195-0001019E        A
156E25      1A    Yes    0001019F-000101A6        8
156E40      2D    No     000101A7-000101D8       32
156E70      3B    Yes    000101D9-000101E0        8
156EAC       4    No     000101E1-000101E9        9
156EB0      17    Yes    000101EA-000101F1        8
156EC8      4F    No     000101F2-00010245       54
156F17      2F    Yes    00010246-0001024D        8
156F46       9    No     0001024E-0001025B        E
156F4F      11    Yes    0001025C-00010263        8
156F60      43    No     00010264-000102AB       48
156FA3      5D    Yes    000102AC-000102B3        8
157002      4E    No     000102B4-00010306       53
157050       F    Yes    00010307-0001030E        8
15705F     1E2    No     0001030F-000104F5      1E7
157241      1E    Yes    000104F6-000104FD        8
157260     3F0    No     000104FE-000108F2      3F5
157650       E    Yes    000108F3-000108FA        8
15765E     1A2    No     000108FB-00010AA1      1A7
157800      46    Yes    00010AA2-00010AA9        8
157846       7    No     00010AAA-00010AB5        C
15784D      12    Yes    00010AB6-00010ABD        8
157860      7D    No     00010ABE-00010B3F       82
1578DD      24    Yes    00010B40-00010B47        8
157902      CE    No     00010B48-00010C1A       D3
1579D0      1E    Yes    00010C1B-00010C22        8
1579EE       1    No     00010C23-00010C28        6
1579EF      11    Yes    00010C29-00010C30        8
157A00     116    No     00010C31-00010D4B      11B
157B20     216    No     00010D4C-00010F66      21B
157D36      10    Yes    00010F67-00010F6E        8
157D46       3    No     00010F6F-00010F76        8
157D49      16    Yes    00010F77-00010F7E        8
157D60      A0    No     00010F7F-00011023       A5
157E6A       3    No     00011024-0001102B        8
157E80      17    No     0001102C-00011047       1C
157EA0      51    No     00011048-0001109D       56
157EF8       3    No     0001109E-000110A5        8
157F10      EF    Yes    000110A6-000110AD        8
158003     2CE    No     000110AE-00011380      2D3
1582D1       F    Yes    00011381-00011388        8
1582E0     1EF    No     00011389-0001157C      1F4
1584CF      11    Yes    0001157D-00011584        8
1584E0      83    No     00011585-0001160C       88
158563       E    Yes    0001160D-00011614        8
158571       1    No     00011615-0001161A        6
158572       E    Yes    0001161B-00011622        8
158580      F0    No     00011623-00011717       F5
158677     20E    No     00011718-0001192A      213
158885      1B    Yes    0001192B-00011932        8
1588A0     10D    No     00011933-00011A44      112
1589AD      15    Yes    00011A45-00011A4C        8
1589C2     16B    No     00011A4D-00011BBC      170
158B2D      39    Yes    00011BBD-00011BC4        8
158B66      4A    No     00011BC5-00011C13       4F
158BB6       9    No     00011C14-00011C21        E
158BC0      60    Yes    00011C22-00011C29        8
158C20      80    No     00011C2A-00011CAE       85
158CA0      3F    Yes    00011CAF-00011CB6        8
158CE0      80    No     00011CB7-00011D3B       85
158D62      1E    Yes    00011D3C-00011D43        8
158D80      9C    No     00011D44-00011DE4       A1
158E1C      24    Yes    00011DE5-00011DEC        8
158E40     3AF    No     00011DED-000121A0      3B4
1591EF      1B    Yes    000121A1-000121A8        8
15920A       5    No     000121A9-000121B2        A
159210       F    Yes    000121B3-000121BA        8
159220     278    No     000121BB-00012437      27D
15949F     413    No     00012438-0001284F      418
1598B2      10    Yes    00012850-00012857        8
1598C2     11F    No     00012858-0001297B      124
1599E1      1F    Yes    0001297C-00012983        8
159A00      30    No     00012984-000129B8       35
159A30       E    Yes    000129B9-000129C0        8
159A3E     252    No     000129C1-00012C17      257
159C90       D    Yes    00012C18-00012C1F        8
159C9E      48    No     00012C20-00012C6C       4D
159CE6      1A    Yes    00012C6D-00012C74        8
159D00      6F    No     00012C75-00012CE8       74
159D6F      11    Yes    00012CE9-00012CF0        8
159D80      85    No     00012CF1-00012D7A       8A
159E05      1D    Yes    00012D7B-00012D82        8
159E22      47    No     00012D83-00012DCE       4C
159E69      17    Yes    00012DCF-00012DD6        8
159E80      80    No     00012DD7-00012E5B       85
159F00       E    Yes    00012E5C-00012E63        8
159F0E       1    No     00012E64-00012E69        6
159F0F      11    Yes    00012E6A-00012E71        8
159F20     14F    No     00012E72-00012FC5      154
15A06F      11    Yes    00012FC6-00012FCD        8
15A080      90    No     00012FCE-00013062       95
15A110      10    Yes    00013063-0001306A        8
15A120     14F    No     0001306B-000131BE      154
15A26F      11    Yes    000131BF-000131C6        8
15A280      8B    No     000131C7-00013256       90
15A30B      15    Yes    00013257-0001325E        8
15A320     221    No     0001325F-00013484      226
15A541      1F    Yes    00013485-0001348C        8
15A560      D0    No     0001348D-00013561       D5
15A638     2C7    No     00013562-0001382D      2CC
15A904       4    Yes    0001382E-00013835        8
15A90E       2    No     00013836-0001383C        7
15A910      10    Yes    0001383D-00013844        8
15A920     1F0    No     00013845-00013A39      1F5
15AB10       E    Yes    00013A3A-00013A41        8
15AB20     2E9    No     00013A42-00013D2F      2EE
15AE09      17    Yes    00013D30-00013D37        8
15AE20     1C0    No     00013D38-00013EFC      1C5
15AFE0      16    Yes    00013EFD-00013F04        8
15AFF6     271    No     00013F05-0001417A      276
15B268      16    Yes    0001417B-00014182        8
15B280      75    No     00014183-000141FC       7A
15B300      51    No     000141FD-00014252       56
15B351       D    Yes    00014253-0001425A        8
15B360      87    No     0001425B-000142E6       8C
15B3E7      17    Yes    000142E7-000142EE        8
15B400      32    No     000142EF-00014325       37
15B432       E    Yes    00014326-0001432D        8
15B440     270    No     0001432E-000145A2      275
15B6B0       E    Yes    000145A3-000145AA        8
15B6BE     192    No     000145AB-00014741      197
15B850      18    Yes    00014742-00014749        8
15B868     1A8    No     0001474A-000148F6      1AD
15BA10      10    Yes    000148F7-000148FE        8
15BA20      F0    No     000148FF-000149F3       F5
15BB10      10    Yes    000149F4-000149FB        8
15BB20      F0    No     000149FC-00014AF0       F5
15BC18      19    No     00014AF1-00014B0E       1E
15BC31       C    Yes    00014B0F-00014B16        8
15BC40     1EF    No     00014B17-00014D0A      1F4
15BE2F      11    Yes    00014D0B-00014D12        8
15BE40     329    No     00014D13-00015040      32E
15C170       6    Yes    00015041-00015048        8
15C180      17    No     00015049-00015064       1C
15C1A0      B2    No     00015065-0001511B       B7
15C252       E    Yes    0001511C-00015123        8
15C260      6D    No     00015124-00015195       72
15C2CD      12    Yes    00015196-0001519D        8
15C2E0      11    No     0001519E-000151B3       16
15C2F1       F    Yes    000151B4-000151BB        8
15C300      11    No     000151BC-000151D1       16
15C311       F    Yes    000151D2-000151D9        8
15C320      50    No     000151DA-0001522E       55
15C370      10    Yes    0001522F-00015236        8
15C380      10    No     00015237-0001524B       15
15C390      10    Yes    0001524C-00015253        8
15C3A0     1BD    No     00015254-00015415      1C2
15C55D      1A    Yes    00015416-0001541D        8
15C57C     E86    No     0001541E-000162A8      E8B
15D402       E    Yes    000162A9-000162B0        8
15D410       1    No     000162B1-000162B6        6
15D411      10    Yes    000162B7-000162BE        8
15D421       1    No     000162BF-000162C4        6
15D422       F    Yes    000162C5-000162CC        8
15D431       1    No     000162CD-000162D2        6
15D432       E    Yes    000162D3-000162DA        8
15D440     322    No     000162DB-00016601      327
15D762       E    Yes    00016602-00016609        8
15D770       2    No     0001660A-00016610        7
15D772      16    Yes    00016611-00016618        8
15D788      4B    No     00016619-00016668       50
15D7D3      33    Yes    00016669-00016670        8
15D806     529    No     00016671-00016B9E      52E
15DD2F      16    Yes    00016B9F-00016BA6        8
15DD46     1EC    No     00016BA7-00016D97      1F1
15DF32      10    Yes    00016D98-00016D9F        8
15DF42      CD    No     00016DA0-00016E71       D2
15E00F      10    Yes    00016E72-00016E79        8
15E020     1F2    No     00016E7A-00017070      1F7
15E212       E    Yes    00017071-00017078        8
15E220      36    No     00017079-000170B3       3B
15E257       D    Yes    000170B4-000170BB        8
15E264      2D    No     000170BC-000170ED       32
15E299     17F    No     000170EE-00017271      184
15E420     180    No     00017272-000173F6      185
15E5A0      10    Yes    000173F7-000173FE        8
15E5B0      E0    No     000173FF-000174E3       E5
15E696      A9    No     000174E4-00017591       AE
15E740      40    Yes    00017592-00017599        8
15E780       3    No     0001759A-000175A1        8
15E783       E    Yes    000175A2-000175A9        8
15E791       1    No     000175AA-000175AF        6
15E793       C    Yes    000175B0-000175B7        8
15E7A0      11    No     000175B8-000175CD       16
15E7B1       F    Yes    000175CE-000175D5        8
15E7C0      A0    No     000175D6-0001767A       A5
15E860      4E    Yes    0001767B-00017682        8
15E8AE       1    No     00017683-00017688        6
15E8AF      11    Yes    00017689-00017690        8
15E8C0      BF    No     00017691-00017754       C4
15E97F      21    Yes    00017755-0001775C        8
15E9A0      DE    No     0001775D-0001783F       E3
15EA7E      22    Yes    00017840-00017847        8
15EAA0      E0    No     00017848-0001792C       E5
15EB80      20    Yes    0001792D-00017934        8
15EBA0     1B2    No     00017935-00017AEB      1B7
15ED52      2E    Yes    00017AEC-00017AF3        8
15ED80      13    No     00017AF4-00017B0B       18
15ED93       E    Yes    00017B0C-00017B13        8
15EDA1      8C    No     00017B14-00017BA4       91
15EE2D      52    Yes    00017BA5-00017BAC        8
15EE80     83A    No     00017BAD-000183EB      83F
15F6C0      12    No     000183EC-00018402       17
15F6D8     10D    No     00018403-00018514      112
15F7E5      1B    Yes    00018515-0001851C        8
15F800      31    No     0001851D-00018552       36
15F831       F    Yes    00018553-0001855A        8
15F840     20A    No     0001855B-00018769      20F
15FA4A      15    Yes    0001876A-00018771        8
15FA60     4BF    No     00018772-00018C35      4C4
15FF1F     128    Yes    00018C36-00018C3D        8
160047      48    No     00018C3E-00018C8A       4D
160098      17    No     00018C8B-00018CA6       1C
1600C9       7    No     00018CA7-00018CB2        C
1600DC       1    No     00018CB3-00018CB8        6
1600F0      51    Yes    00018CB9-00018CC0        8
160141       F    No     00018CC1-00018CD4       14
160150       F    Yes    00018CD5-00018CDC        8
160160      4F    No     00018CDD-00018D30       54
1601B0      10    Yes    00018D31-00018D38        8
1601C0       F    No     00018D39-00018D4C       14
1601CF       D    Yes    00018D4D-00018D54        8
1601E0       E    No     00018D55-00018D67       13
1601F8       B    Yes    00018D68-00018D6F        8
160203       D    No     00018D70-00018D81       12
160210      33    Yes    00018D82-00018D89        8
160243      2C    No     00018D8A-00018DBA       31
160274       C    Yes    00018DBB-00018DC2        8
160280       F    No     00018DC3-00018DD6       14
16028F      11    Yes    00018DD7-00018DDE        8
1602A2       1    No     00018DDF-00018DE4        6
1602A9      3E    No     00018DE5-00018E27       43
1602F0       7    No     00018E28-00018E33        C
160318      1D    No     00018E34-00018E55       22
160336       9    Yes    00018E56-00018E5D        8
160345      2C    No     00018E5E-00018E8E       31
160371       E    Yes    00018E8F-00018E96        8
160388      1F    No     00018E97-00018EBA       24
1603B0       7    Yes    00018EBB-00018EC2        8
1603C9       1    No     00018EC3-00018EC8        6
1603D8       7    Yes    00018EC9-00018ED0        8
1603E8       7    No     00018ED1-00018EDC        C
1603F0       F    Yes    00018EDD-00018EE4        8
160400       7    No     00018EE5-00018EF0        C
160410       7    Yes    00018EF1-00018EF8        8
160420      10    No     00018EF9-00018F0D       15
160430       E    Yes    00018F0E-00018F15        8
16043E      39    No     00018F16-00018F53       3E
160480      20    No     00018F54-00018F78       25
1604A8       7    No     00018F79-00018F84        C
1604B0       F    Yes    00018F85-00018F8C        8
1604C0       7    No     00018F8D-00018F98        C
1604D0       7    No     00018F99-00018FA4        C
1604E3       C    No     00018FA5-00018FB5       11
1604EF      11    Yes    00018FB6-00018FBD        8
160500      4F    No     00018FBE-00019011       54
16054F      11    Yes    00019012-00019019        8
160560       F    No     0001901A-0001902D       14
16056F      11    Yes    0001902E-00019035        8
160580      6F    No     00019036-000190A9       74
160600       F    No     000190AA-000190BD       14
16060F      10    Yes    000190BE-000190C5        8
160621      27    No     000190C6-000190F1       2C
160650      10    Yes    000190F2-000190F9        8
160665      54    No     000190FA-00019152       59
1606C0       E    No     00019153-00019165       13
1606E0      1A    No     00019166-00019184       1F
160701      6F    No     00019185-000191F8       74
160778      5F    No     000191F9-0001925C       64
1607D7      28    Yes    0001925D-00019264        8
160800      3F    No     00019265-000192A8       44
160848       8    No     000192A9-000192B5        D
160854       C    Yes    000192B6-000192BD        8
160860      19    No     000192BE-000192DB       1E
160880      15    No     000192DC-000192F5       1A
1608A0      13    No     000192F6-0001930D       18
1608BA      21    No     0001930E-00019333       26
160940       A    No     00019334-00019342        F
160950       7    No     00019343-0001934E        C
160960      75    No     0001934F-000193C8       7A
1609D5      4E    Yes    000193C9-000193D0        8
160A23      4D    No     000193D1-00019422       52
160A70      10    Yes    00019423-0001942A        8
160A80      11    No     0001942B-00019440       16
160A91       F    Yes    00019441-00019448        8
160AA0      11    No     00019449-0001945E       16
160AB1       9    Yes    0001945F-00019466        8
160AC0      10    No     00019467-0001947B       15
160AD0      10    Yes    0001947C-00019483        8
160AE0      5B    No     00019484-000194E3       60
160B3B     147    Yes    000194E4-000194EB        8
160C82      6E    No     000194EC-0001955E       73
160CF0       E    Yes    0001955F-00019566        8
160CFE     28B    No     00019567-000197F6      290
160F89      17    Yes    000197F7-000197FE        8
160FA0     1D1    No     000197FF-000199D4      1D6
161171       F    Yes    000199D5-000199DC        8
161180      70    No     000199DD-00019A51       75
1611F0      10    Yes    00019A52-00019A59        8
161200     1A3    No     00019A5A-00019C01      1A8
1613A3      1D    Yes    00019C02-00019C09        8
1613C0       B    No     00019C0A-00019C19       10
1613CB      15    Yes    00019C1A-00019C21        8
1613E0      51    No     00019C22-00019C77       56
161431       F    Yes    00019C78-00019C7F        8
161440      10    No     00019C80-00019C94       15
161450      10    Yes    00019C95-00019C9C        8
161460      11    No     00019C9D-00019CB2       16
161471       F    Yes    00019CB3-00019CBA        8
161480      30    No     00019CBB-00019CEF       35
1614B0      10    Yes    00019CF0-00019CF7        8
1614C0       E    No     00019CF8-00019D0A       13
1614CE      12    Yes    00019D0B-00019D12        8
1614E0       6    No     00019D13-00019D1D        B
1614E6      1A    Yes    00019D1E-00019D25        8
161500      10    No     00019D26-00019D3A       15
161510      10    Yes    00019D3B-00019D42        8
161520      10    No     00019D43-00019D57       15
161530      10    Yes    00019D58-00019D5F        8
161540      10    No     00019D60-00019D74       15
161550      10    Yes    00019D75-00019D7C        8
161560       E    No     00019D7D-00019D8F       13
16156E     113    Yes    00019D90-00019D97        8
161681       9    No     00019D98-00019DA5        E
161690     80F    No     00019DA6-0001A5B9      814
161E9F     166    Yes    0001A5BA-0001A5C1        8
162005      3B    No     0001A5C2-0001A601       40
162040       F    Yes    0001A602-0001A609        8
16204F       1    No     0001A60A-0001A60F        6
162050      18    Yes    0001A610-0001A617        8
162068      98    No     0001A618-0001A6B4       9D
162100       E    Yes    0001A6B5-0001A6BC        8
16210E       2    No     0001A6BD-0001A6C3        7
162110       E    Yes    0001A6C4-0001A6CB        8
16211E       2    No     0001A6CC-0001A6D2        7
162120       E    Yes    0001A6D3-0001A6DA        8
16212E       2    No     0001A6DB-0001A6E1        7
162130       E    Yes    0001A6E2-0001A6E9        8
16213E      41    No     0001A6EA-0001A72F       46
16217F      10    Yes    0001A730-0001A737        8
16218F       1    No     0001A738-0001A73D        6
162190      13    Yes    0001A73E-0001A745        8
1621A3     23F    No     0001A746-0001A989      244
1623E2      1E    Yes    0001A98A-0001A991        8
162400     1D3    No     0001A992-0001AB69      1D8
1625D3       E    Yes    0001AB6A-0001AB71        8
1625E1       3    No     0001AB72-0001AB79        8
1625E4       E    Yes    0001AB7A-0001AB81        8
1625F2     19D    No     0001AB82-0001AD23      1A2
16278F       E    Yes    0001AD24-0001AD2B        8
16279D     7F4    No     0001AD2C-0001B524      7F9
162F92      14    Yes    0001B525-0001B52C        8
162FA6      7A    No     0001B52D-0001B5AB       7F
163027       9    No     0001B5AC-0001B5B9        E
163038     126    No     0001B5BA-0001B6E4      12B
163168       6    No     0001B6E5-0001B6EF        B
163178       4    No     0001B6F0-0001B6F8        9
16318B       7    No     0001B6F9-0001B704        C
16319C      1C    No     0001B705-0001B725       21
1631C0       8    No     0001B726-0001B732        D
1631D0       A    No     0001B733-0001B741        F
1631E1       9    No     0001B742-0001B74F        E
1631F0       1    No     0001B750-0001B755        6
1631F8     5A8    No     0001B756-0001BD02      5AD
1637A6      1A    No     0001BD03-0001BD21       1F
1637C0       E    Yes    0001BD22-0001BD29        8
1637CE       1    No     0001BD2A-0001BD2F        6
1637CF      10    Yes    0001BD30-0001BD37        8
1637DF     157    No     0001BD38-0001BE93      15C
163940      10    Yes    0001BE94-0001BE9B        8
163950      2D    No     0001BE9C-0001BECD       32
16397D      11    Yes    0001BECE-0001BED5        8
163990      12    No     0001BED6-0001BEEC       17
1639A2       E    Yes    0001BEED-0001BEF4        8
1639B0       D    No     0001BEF5-0001BF06       12
1639C6       A    Yes    0001BF07-0001BF0E        8
1639D0      A5    No     0001BF0F-0001BFB8       AA
163A75      14    Yes    0001BFB9-0001BFC0        8
163A89       1    No     0001BFC1-0001BFC6        6
163A8A      1C    Yes    0001BFC7-0001BFCE        8
163AA6      3C    No     0001BFCF-0001C00F       41
163AF0       1    No     0001C010-0001C015        6
163AF8     107    No     0001C016-0001C121      10C
163BFF      C1    Yes    0001C122-0001C129        8
163CC2      5E    No     0001C12A-0001C18C       63
163D20      C0    Yes    0001C18D-0001C194        8
163DE0      B6    No     0001C195-0001C24F       BB
163E96      51    Yes    0001C250-0001C257        8
163EE8      F8    No     0001C258-0001C354       FD
163FE0      4A    Yes    0001C355-0001C35C        8
16402A     136    No     0001C35D-0001C497      13B
164160      20    Yes    0001C498-0001C49F        8
164180      F4    No     0001C4A0-0001C598       F9
164274      8C    Yes    0001C599-0001C5A0        8
164300       3    No     0001C5A1-0001C5A8        8
164303      1D    Yes    0001C5A9-0001C5B0        8
164320      25    No     0001C5B1-0001C5DA       2A
164345      18    Yes    0001C5DB-0001C5E2        8
164360      8F    No     0001C5E3-0001C676       94
1643EF       F    Yes    0001C677-0001C67E        8
1643FE       2    No     0001C67F-0001C685        7
164400      C0    Yes    0001C686-0001C68D        8
1644C0      A0    No     0001C68E-0001C732       A5
164560      E0    Yes    0001C733-0001C73A        8
164640      36    No     0001C73B-0001C775       3B
164676      14    Yes    0001C776-0001C77D        8
16468A      34    No     0001C77E-0001C7B6       39
1646BE      E2    Yes    0001C7B7-0001C7BE        8
1647A0      5E    No     0001C7BF-0001C821       63
1647FE     205    Yes    0001C822-0001C829        8
164A03     113    No     0001C82A-0001C941      118
164B1C       3    No     0001C942-0001C949        8
164B1F      42    Yes    0001C94A-0001C951        8
164B61     11F    No     0001C952-0001CA75      124
164C80      39    Yes    0001CA76-0001CA7D        8
164CC0     14F    No     0001CA7E-0001CBD1      154
164E16     163    No     0001CBD2-0001CD39      168
164F79      2B    Yes    0001CD3A-0001CD41        8
164FA4     112    No     0001CD42-0001CE58      117
1650B6      39    Yes    0001CE59-0001CE60        8
1650EF       1    No     0001CE61-0001CE66        6
1650F0      10    Yes    0001CE67-0001CE6E        8
165100     11F    No     0001CE6F-0001CF92      124
165220      20    Yes    0001CF93-0001CF9A        8
165240     566    No     0001CF9B-0001D505      56B
1657A6      1A    Yes    0001D506-0001D50D        8
1657C0       6    No     0001D50E-0001D518        B
1657C6      1A    Yes    0001D519-0001D520        8
1657E0      8C    No     0001D521-0001D5B1       91
16586C      14    Yes    0001D5B2-0001D5B9        8
165880       C    No     0001D5BA-0001D5CA       11
16588C       D    Yes    0001D5CB-0001D5D2        8
1658A0       C    Yes    0001D5D3-0001D5DA        8
1658AC       2    No     0001D5DB-0001D5E1        7
1658B0      10    Yes    0001D5E2-0001D5E9        8
1658C0       C    Yes    0001D5EA-0001D5F1        8
1658CC       4    No     0001D5F2-0001D5FA        9
1658D0      10    Yes    0001D5FB-0001D602        8
1658E0       A    Yes    0001D603-0001D60A        8
1658EA       6    No     0001D60B-0001D615        B
1658F0      10    Yes    0001D616-0001D61D        8
165900       A    No     0001D61E-0001D62C        F
16590A     444    Yes    0001D62D-0001D634        8
165D4E      52    No     0001D635-0001D68B       57
165DA2      7D    Yes    0001D68C-0001D693        8
165E20      BF    No     0001D694-0001D757       C4
165EE0      40    Yes    0001D758-0001D75F        8
165F20      D5    No     0001D760-0001D839       DA
165FF5      2C    Yes    0001D83A-0001D841        8
166021      9B    No     0001D842-0001D8E1       A0
1660BC      65    Yes    0001D8E2-0001D8E9        8
166121      7E    No     0001D8EA-0001D96C       83
1661A0      80    Yes    0001D96D-0001D974        8
166220      84    No     0001D975-0001D9FD       89
1662B1      8C    Yes    0001D9FE-0001DA05        8
166340      1A    No     0001DA06-0001DA24       1F
166360      20    No     0001DA25-0001DA49       25
166380      C0    Yes    0001DA4A-0001DA51        8
166440       F    No     0001DA52-0001DA65       14
166450       8    Yes    0001DA66-0001DA6D        8
16645D      23    No     0001DA6E-0001DA95       28
166480      C0    Yes    0001DA96-0001DA9D        8
166540      5E    No     0001DA9E-0001DB00       63
16659E      70    Yes    0001DB01-0001DB08        8
16660E      12    No     0001DB09-0001DB1F       17
166626      19    No     0001DB20-0001DB3D       1E
166648      98    No     0001DB3E-0001DBDA       9D
1666E0      5E    Yes    0001DBDB-0001DBE2        8
166740     100    No     0001DBE3-0001DCE7      105
166840      60    Yes    0001DCE8-0001DCEF        8
1668A0     102    No     0001DCF0-0001DDF6      107
1669A8      1E    Yes    0001DDF7-0001DDFE        8
1669C6     11A    No     0001DDFF-0001DF1D      11F
166AE0      3F    Yes    0001DF1E-0001DF25        8
166B20     127    No     0001DF26-0001E051      12C
166C4E      10    Yes    0001E052-0001E059        8
166C60     11F    No     0001E05A-0001E17D      124
166D86      1A    Yes    0001E17E-0001E185        8
166DA0      F8    No     0001E186-0001E282       FD
166E9E      22    No     0001E283-0001E2A9       27
166EC0      20    Yes    0001E2AA-0001E2B1        8
166EE0       9    No     0001E2B2-0001E2BF        E
166EF0      1B    No     0001E2C0-0001E2DF       20
166F0B      15    Yes    0001E2E0-0001E2E7        8
166F20      4F    No     0001E2E8-0001E33B       54
166F6F      11    Yes    0001E33C-0001E343        8
166F80       F    No     0001E344-0001E357       14
166F8F      10    Yes    0001E358-0001E35F        8
166FA0      13    No     0001E360-0001E377       18
166FBA      17    No     0001E378-0001E393       1C
166FD8      22    No     0001E394-0001E3BA       27
167000     24F    No     0001E3BB-0001E60E      254
167258      97    No     0001E60F-0001E6AA       9C
1672EF      10    Yes    0001E6AB-0001E6B2        8
167300     350    No     0001E6B3-0001EA07      355
167650      10    Yes    0001EA08-0001EA0F        8
167660      68    No     0001EA10-0001EA7C       6D
1676C8     1BB    Yes    0001EA7D-0001EA84        8
167884      3B    No     0001EA85-0001EAC4       40
1678BF      49    Yes    0001EAC5-0001EACC        8
167908      98    No     0001EACD-0001EB69       9D
1679A0      20    Yes    0001EB6A-0001EB71        8
1679C0     12B    No     0001EB72-0001ECA1      130
167AF2      4A    No     0001ECA2-0001ECF0       4F
167B3C      23    Yes    0001ECF1-0001ECF8        8
167B60      72    No     0001ECF9-0001ED6F       77
167BD2       D    Yes    0001ED70-0001ED77        8
167BE0      1F    No     0001ED78-0001ED9B       24
167BFF      21    Yes    0001ED9C-0001EDA3        8
167C20      97    No     0001EDA4-0001EE3F       9C
167CC0      3F    Yes    0001EE40-0001EE47        8
167D00      39    No     0001EE48-0001EE85       3E
167D40      13    No     0001EE86-0001EE9D       18
167D53     2AD    Yes    0001EE9E-0001EEA5        8
168004      5C    No     0001EEA6-0001EF06       61
168064       A    Yes    0001EF07-0001EF0E        8
16806E       1    No     0001EF0F-0001EF14        6
16806F      15    Yes    0001EF15-0001EF1C        8
168084     155    No     0001EF1D-0001F076      15A
1681D9      2C    Yes    0001F077-0001F07E        8
168205     2AB    No     0001F07F-0001F32E      2B0
1684B0       E    Yes    0001F32F-0001F336        8
1684BE       2    No     0001F337-0001F33D        7
1684C0       E    Yes    0001F33E-0001F345        8
1684CE       1    No     0001F346-0001F34B        6
1684CF      11    Yes    0001F34C-0001F353        8
1684E0     14B    No     0001F354-0001F4A3      150
16862B      35    Yes    0001F4A4-0001F4AB        8
168660      7E    No     0001F4AC-0001F52E       83
1686DE      28    Yes    0001F52F-0001F536        8
168706      7A    No     0001F537-0001F5B5       7F
168780      20    Yes    0001F5B6-0001F5BD        8
1687A0     329    No     0001F5BE-0001F8EB      32E
168AC9      16    Yes    0001F8EC-0001F8F3        8
168AE0      8B    No     0001F8F4-0001F983       90
168B6B      1B    Yes    0001F984-0001F98B        8
168B86       A    No     0001F98C-0001F99A        F
168B98     1B7    No     0001F99B-0001FB56      1BC
168D58      18    No     0001FB57-0001FB73       1D
168D7A      FB    No     0001FB74-0001FC73      100
168E76       F    Yes    0001FC74-0001FC7B        8
168E86     17A    No     0001FC7C-0001FDFA      17F
169000       E    Yes    0001FDFB-0001FE02        8
16900E       1    No     0001FE03-0001FE08        6
16900F       C    Yes    0001FE09-0001FE10        8
169020      15    No     0001FE11-0001FE2A       1A
16903B      76    No     0001FE2B-0001FEA5       7B
1690BE       A    No     0001FEA6-0001FEB4        F
1690D0      7D    No     0001FEB5-0001FF36       82
16914D      10    Yes    0001FF37-0001FF3E        8
169160       F    No     0001FF3F-0001FF52       14
169170      10    Yes    0001FF53-0001FF5A        8
169180       F    No     0001FF5B-0001FF6E       14
169190       F    Yes    0001FF6F-0001FF76        8
1691A0      2F    No     0001FF77-0001FFAA       34
1691D4       D    Yes    0001FFAB-0001FFB2        8
1691E2      ED    No     0001FFB3-000200A4       F2
1692CF      1A    Yes    000200A5-000200AC        8
1692EA       9    No     000200AD-000200BA        E
1692FB      9F    No     000200BB-0002015E       A4
1693A0      D0    No     0002015F-00020233       D5
169478       8    No     00020234-00020240        D
169480       B    Yes    00020241-00020248        8
16948E       5    No     00020249-00020252        A
1694A0       F    No     00020253-00020266       14
1694B5      7A    No     00020267-000202E5       7F
169538      AF    No     000202E6-00020399       B4
1695E7      19    Yes    0002039A-000203A1        8
169600     178    No     000203A2-0002051E      17D
169780      8B    No     0002051F-000205AE       90
16980C      1C    Yes    000205AF-000205B6        8
169828      5F    No     000205B7-0002061A       64
16988D       1    No     0002061B-00020620        6
169898       5    No     00020621-0002062A        A
16989D      11    Yes    0002062B-00020632        8
1698AE       1    No     00020633-00020638        6
1698AF      11    Yes    00020639-00020640        8
1698C0     172    No     00020641-000207B7      177
169A38     2F7    No     000207B8-00020AB3      2FC
169D2F      11    Yes    00020AB4-00020ABB        8
169D40     26A    No     00020ABC-00020D2A      26F
169FB0      B0    No     00020D2B-00020DDF       B5
16A067      29    No     00020DE0-00020E0D       2E
16A098       8    No     00020E0E-00020E1A        D
16A0A6       A    No     00020E1B-00020E29        F
16A0B7       C    No     00020E2A-00020E3A       11
16A0CD      13    No     00020E3B-00020E52       18
16A0E7      79    No     00020E53-00020ED0       7E
16A160      16    Yes    00020ED1-00020ED8        8
16A176      E9    No     00020ED9-00020FC6       EE
16A25F      15    Yes    00020FC7-00020FCE        8
16A274      EC    No     00020FCF-000210BF       F1
16A361      15    Yes    000210C0-000210C7        8
16A378     181    No     000210C8-0002124D      186
16A4F9      17    Yes    0002124E-00021255        8
16A510     130    No     00021256-0002138A      135
16A648     330    No     0002138B-000216BF      335
16A97E      92    No     000216C0-00021756       97
16AA16     139    No     00021757-00021894      13E
16AB50      10    Yes    00021895-0002189C        8
16AB60      88    No     0002189D-00021929       8D
16ABF0       8    No     0002192A-00021936        D
16ABFE      82    No     00021937-000219BD       87
16AC80      20    Yes    000219BE-000219C5        8
16ACA0      80    No     000219C6-00021A4A       85
16AD20      40    Yes    00021A4B-00021A52        8
16AD60      4F    No     00021A53-00021AA6       54
16ADAF      11    Yes    00021AA7-00021AAE        8
16ADC0     8A0    No     00021AAF-00022353      8A5
16B666     48B    No     00022354-000227E3      490
16BAF1       F    Yes    000227E4-000227EB        8
16BB00      E9    No     000227EC-000228D9       EE
16BBE9      17    Yes    000228DA-000228E1        8
16BC00      4B    No     000228E2-00022931       50
16BC50      10    Yes    00022932-00022939        8
16BC60       B    No     0002293A-00022949       10
16BC6B      15    Yes    0002294A-00022951        8
16BC80       B    No     00022952-00022961       10
16BC8B      15    Yes    00022962-00022969        8
16BCA0      2D    No     0002296A-0002299B       32
16BCCD      15    Yes    0002299C-000229A3        8
16BCE2      CD    No     000229A4-00022A75       D2
16BDB2       E    Yes    00022A76-00022A7D        8
16BDC0      72    No     00022A7E-00022AF4       77
16BE32       B    Yes    00022AF5-00022AFC        8
16BE40     1CF    No     00022AFD-00022CD0      1D4
16C010      10    Yes    00022CD1-00022CD8        8
16C020     1AF    No     00022CD9-00022E8C      1B4
16C1D0      10    Yes    00022E8D-00022E94        8
16C1E0     4B8    No     00022E95-00023351      4BD
16C6A0       B    No     00023352-00023361       10
16C6AC      13    Yes    00023362-00023369        8
16C6C0     157    No     0002336A-000234C5      15C
16C81F      17    No     000234C6-000234E1       1C
16C836      14    Yes    000234E2-000234E9        8
16C84B      D6    No     000234EA-000235C4       DB
16C921      1F    Yes    000235C5-000235CC        8
16C940     20F    No     000235CD-000237E0      214
16CB4F      11    Yes    000237E1-000237E8        8
16CB60      B3    No     000237E9-000238A0       B8
16CC1A     199    No     000238A1-00023A3E      19E
16CDB9      62    No     00023A3F-00023AA5       67
16CE21      12    No     00023AA6-00023ABC       17
16CE3A      6D    No     00023ABD-00023B2E       72
16CEA7      19    Yes    00023B2F-00023B36        8
16CEC0       3    No     00023B37-00023B3E        8
16CEC3      1F    Yes    00023B3F-00023B46        8
16CEE2      8D    No     00023B47-00023BD8       92
16CF6F       F    Yes    00023BD9-00023BE0        8
16CF7E     3C2    No     00023BE1-00023FA7      3C7
16D340       E    Yes    00023FA8-00023FAF        8
16D34E       1    No     00023FB0-00023FB5        6
16D34F      11    Yes    00023FB6-00023FBD        8
16D360      81    No     00023FBE-00024043       86
16D3E1      1F    Yes    00024044-0002404B        8
16D400      AD    No     0002404C-000240FD       B2
16D4AD      12    Yes    000240FE-00024105        8
16D4C0      90    No     00024106-0002419A       95
16D550       E    Yes    0002419B-000241A2        8
16D55E      62    No     000241A3-00024209       67
16D5C0       E    Yes    0002420A-00024211        8
16D5CE       1    No     00024212-00024217        6
16D5CF      1B    Yes    00024218-0002421F        8
16D5EA     22E    No     00024220-00024452      233
16D820      B8    No     00024453-0002450F       BD
16D8DE      5B    No     00024510-0002456F       60
16D94C       3    No     00024570-00024577        8
16D960      A9    No     00024578-00024625       AE
16DA12       5    No     00024626-0002462F        A
16DA20      39    No     00024630-0002466D       3E
16DA60      51    No     0002466E-000246C3       56
16DAB2       D    Yes    000246C4-000246CB        8
16DAC0      98    No     000246CC-00024768       9D
16DB60      CF    No     00024769-0002483C       D4
16DC2F      1C    Yes    0002483D-00024844        8
16DC4C       3    No     00024845-0002484C        8
16DC50      10    Yes    0002484D-00024854        8
16DC60       9    No     00024855-00024862        E
16DC69      17    Yes    00024863-0002486A        8
16DC80       7    No     0002486B-00024876        C
16DC87      19    Yes    00024877-0002487E        8
16DCA0       9    No     0002487F-0002488C        E
16DCA9      17    Yes    0002488D-00024894        8
16DCC0       D    No     00024895-000248A6       12
16DCCE       D    Yes    000248A7-000248AE        8
16DCE0      4F    No     000248AF-00024902       54
16DD2F      11    Yes    00024903-0002490A        8
16DD40       7    No     0002490B-00024916        C
16DD47      19    Yes    00024917-0002491E        8
16DD60       5    No     0002491F-00024928        A
16DD65      1D    Yes    00024929-00024930        8
16DD82       9    No     00024931-0002493E        E
16DD8B      15    Yes    0002493F-00024946        8
16DDA0     10F    No     00024947-00024A5A      114
16DEAF      19    Yes    00024A5B-00024A62        8
16DEC8     1E9    No     00024A63-00024C50      1EE
16E0B1       E    Yes    00024C51-00024C58        8
16E0C0     53C    No     00024C59-00025199      541
16E622     37E    No     0002519A-0002551C      383
16E9A0      6A    Yes    0002551D-00025524        8
16EA0A     10D    No     00025525-00025636      112
16EB20       A    No     00025637-00025645        F
16EB32      D7    No     00025646-00025721       DC
16EC09      16    Yes    00025722-00025729        8
16EC20     250    No     0002572A-0002597E      255
16EE7A      16    No     0002597F-00025999       1B
16EE9C      94    No     0002599A-00025A32       99
16EF38      BE    No     00025A33-00025AF5       C3
16EFFC     3CF    No     00025AF6-00025EC9      3D4
16F3D6       A    Yes    00025ECA-00025ED1        8
16F3E0     4D1    No     00025ED2-000263A7      4D6
16F8B8      88    No     000263A8-00026434       8D
16F946       9    No     00026435-00026442        E
16F958      71    No     00026443-000264B8       76
16F9D0       5    No     000264B9-000264C2        A
16F9E0      77    No     000264C3-0002653E       7C
16FA60     111    No     0002653F-00026654      116
16FB71       F    Yes    00026655-0002665C        8
16FB80     117    No     0002665D-00026778      11C
16FCA0      87    No     00026779-00026804       8C
16FD27      19    Yes    00026805-0002680C        8
16FD40       B    No     0002680D-0002681C       10
16FD60      B5    No     0002681D-000268D6       BA
16FE20      1B    No     000268D7-000268F6       20
16FE46       A    No     000268F7-00026905        F
16FE59      1C    No     00026906-00026926       21
16FE80       5    No     00026927-00026930        A
16FE90       3    No     00026931-00026938        8
16FEA0      49    No     00026939-00026986       4E
16FEF3       2    No     00026987-0002698D        7
16FF00       5    No     0002698E-00026997        A
16FF11       2    No     00026998-0002699E        7
16FF20       7    No     0002699F-000269AA        C
170086       A    No     000269AB-000269B9        F
17009A       5    No     000269BA-000269C3        A
1700A6       A    No     000269C4-000269D2        F
1700BA      56    No     000269D3-00026A2D       5B
170116      29    No     00026A2E-00026A5B       2E
170180      DF    No     00026A5C-00026B3F       E4
170280      F0    No     00026B40-00026C34       F5
170376     13D    No     00026C35-00026D76      142
1704C0      B1    No     00026D77-00026E2C       B6
17057B      1A    No     00026E2D-00026E4B       1F
1705A0      93    No     00026E4C-00026EE3       98
170640      11    No     00026EE4-00026EF9       16
170658       1    No     00026EFA-00026EFF        6
170660       F    No     00026F00-00026F13       14
170678       5    No     00026F14-00026F1D        A
17068A       6    No     00026F1E-00026F28        B
17069C      64    No     00026F29-00026F91       69
170700       E    Yes    00026F92-00026F99        8
17070E       2    No     00026F9A-00026FA0        7
170710       D    Yes    00026FA1-00026FA8        8
17071E      42    No     00026FA9-00026FEF       47
17076E       2    No     00026FF0-00026FF6        7
17077E      E2    No     00026FF7-000270DD       E7
170866       A    No     000270DE-000270EC        F
170878       8    No     000270ED-000270F9        D
170894       2    No     000270FA-00027100        7
1708A0      E6    No     00027101-000271EB       EB
170986       E    Yes    000271EC-000271F3        8
170994      E1    No     000271F4-000272D9       E6
170A75       F    Yes    000272DA-000272E1        8
170A84      C2    No     000272E2-000273A8       C7
170B50       5    No     000273A9-000273B2        A
170B60      12    Yes    000273B3-000273BA        8
170B72       8    No     000273BB-000273C7        D
170B80       A    No     000273C8-000273D6        F
170B90       7    No     000273D7-000273E2        C
170BA0      2A    No     000273E3-00027411       2F
170BCA       E    Yes    00027412-00027419        8
170BD8      5A    No     0002741A-00027478       5F
170C3A       C    No     00027479-00027489       11
170C54       1    No     0002748A-0002748F        6
170C66       6    No     00027490-0002749A        B
170C77       5    No     0002749B-000274A4        A
170CE0      7F    No     000274A5-00027528       84
170D60      20    Yes    00027529-00027530        8
170DAA       6    No     00027531-0002753B        B
170DC0      A7    No     0002753C-000275E7       AC
170E70       6    Yes    000275E8-000275EF        8
170E88       8    No     000275F0-000275FC        D
170E9A      99    No     000275FD-0002769A       9E
170F40       9    No     0002769B-000276A8        E
170F50       3    No     000276A9-000276B0        8
170F80      E0    No     000276B1-00027795       E5
171066      FF    No     00027796-00027899      104
171170       4    No     0002789A-000278A2        9
171181      1D    Yes    000278A3-000278AA        8
1711A0       5    No     000278AB-000278B4        A
1711A5      1A    Yes    000278B5-000278BC        8
1711C0      AD    No     000278BD-0002796E       B2
17126D      21    Yes    0002796F-00027976        8
17128E       1    No     00027977-0002797C        6
17128F      11    Yes    0002797D-00027984        8
1712A4       C    No     00027985-00027995       11
1712B6      7A    No     00027996-00027A14       7F
171334       6    Yes    00027A15-00027A1C        8
17133E      12    No     00027A1D-00027A33       17
171350       E    Yes    00027A34-00027A3B        8
17135E       2    No     00027A3C-00027A42        7
171360      20    Yes    00027A43-00027A4A        8
171380     4D9    No     00027A4B-00027F28      4DE
171860      19    No     00027F29-00027F46       1E
171879      2F    Yes    00027F47-00027F4E        8
1718A8      E7    No     00027F4F-0002803A       EC
17198F      10    Yes    0002803B-00028042        8
1719A0     3F6    No     00028043-0002843D      3FB
171DA0      37    No     0002843E-00028479       3C
171DE0       9    No     0002847A-00028487        E
171E01       6    No     00028488-00028492        B
171E07      13    Yes    00028493-0002849A        8
171E21       6    No     0002849B-000284A5        B
171E28      12    Yes    000284A6-000284AD        8
171E40      18    No     000284AE-000284CA       1D
171E60       3    No     000284CB-000284D2        8
171E63      49    Yes    000284D3-000284DA        8
171EAC       3    No     000284DB-000284E2        8
171EBE      12    No     000284E3-000284F9       17
171EDC      14    No     000284FA-00028512       19
171EFA      66    No     00028513-0002857D       6B
171F66       A    No     0002857E-0002858C        F
171F78       8    No     0002858D-00028599        D
171FA0      EF    No     0002859A-0002868D       F4
172090       E    Yes    0002868E-00028695        8
17209E     2EB    No     00028696-00028985      2F0
17238F      11    Yes    00028986-0002898D        8
1723A0      18    No     0002898E-000289AA       1D
1723C0      5A    No     000289AB-00028A09       5F
172420      4F    No     00028A0A-00028A5D       54
172478      34    Yes    00028A5E-00028A65        8
1724AC       4    No     00028A66-00028A6E        9
1724B0       F    Yes    00028A6F-00028A76        8
1724BF      A4    No     00028A77-00028B1F       A9
172568      22    Yes    00028B20-00028B27        8
17258A      D6    No     00028B28-00028C02       DB
172666       1    No     00028C03-00028C08        6
17266E       1    No     00028C09-00028C0E        6
172680     2C0    No     00028C0F-00028ED3      2C5
17294C      14    Yes    00028ED4-00028EDB        8
172960      12    No     00028EDC-00028EF2       17
172972       D    Yes    00028EF3-00028EFA        8
172980      11    No     00028EFB-00028F10       16
172992      2B    Yes    00028F11-00028F18        8
1729C0      7B    No     00028F19-00028F98       80
172A4E      35    Yes    00028F99-00028FA0        8
172A86      D9    No     00028FA1-0002907E       DE
172B6A       6    No     0002907F-00029089        B
172B80      13    No     0002908A-000290A1       18
172B9A      F5    No     000290A2-0002919B       FA
172C9A      97    No     0002919C-00029237       9C
172D38      E0    No     00029238-0002931C       E5
172E20      55    No     0002931D-00029376       5A
172E80      BB    No     00029377-00029436       C0
172F48      15    Yes    00029437-0002943E        8
172F80      61    No     0002943F-000294A4       66
172FE2     306    Yes    000294A5-000294AC        8
173300      40    No     000294AD-000294F1       45
173348       7    No     000294F2-000294FD        C
173366       6    No     000294FE-00029508        B
173379       1    No     00029509-0002950E        6
17338E       1    No     0002950F-00029514        6
1733A0      70    No     00029515-00029589       75
173417      19    No     0002958A-000295A7       1E
173437       7    No     000295A8-000295B3        C
173446       A    No     000295B4-000295C2        F
17345A     18F    No     000295C3-00029756      194
1735F0       5    No     00029757-00029760        A
173600       1    No     00029761-00029766        6
17360E       2    No     00029767-0002976D        7
173620       B    No     0002976E-0002977D       10
173640      17    No     0002977E-00029799       1C
173660      B5    No     0002979A-00029853       BA
17371C      33    No     00029854-0002988B       38
17375C      10    No     0002988C-000298A0       15
173777       3    No     000298A1-000298A8        8
173780       6    No     000298A9-000298B3        B
173791       3    No     000298B4-000298BB        8
1737C0      15    No     000298BC-000298D5       1A
1737E0      B6    No     000298D6-00029990       BB
1738A0       9    No     00029991-0002999E        E
1738B0       3    No     0002999F-000299A6        8
1738C8      14    No     000299A7-000299BF       19
1738DC       B    Yes    000299C0-000299C7        8
173924       8    No     000299C8-000299D4        D
173937       3    No     000299D5-000299DC        8
173942       E    No     000299DD-000299EF       13
17395E      DC    No     000299F0-00029AD0       E1
173A3A      4B    Yes    00029AD1-00029AD8        8
173A86       6    No     00029AD9-00029AE3        B
173A8C      33    Yes    00029AE4-00029AEB        8
173AC0      DC    No     00029AEC-00029BCC       E1
173BA4      18    No     00029BCD-00029BE9       1D
173BC8      59    Yes    00029BEA-00029BF1        8
173C26      BA    No     00029BF2-00029CB0       BF
173CE6       7    No     00029CB1-00029CBC        C
173CF8       3    No     00029CBD-00029CC4        8
173D68      13    Yes    00029CC5-00029CCC        8
173D80       1    No     00029CCD-00029CD2        6
173D88      16    Yes    00029CD3-00029CDA        8
173DA4       B    No     00029CDB-00029CEA       10
173DB6      D9    No     00029CEB-00029DC8       DE
173E96       A    No     00029DC9-00029DD7        F
173EAA       5    No     00029DD8-00029DE1        A
173EBC       1    No     00029DE2-00029DE7        6
173F20       5    No     00029DE8-00029DF1        A
173F2E       1    No     00029DF2-00029DF7        6
173F40      13    No     00029DF8-00029E0F       18
173F60      F0    No     00029E10-00029F04       F5
174056       A    No     00029F05-00029F13        F
17406C       3    No     00029F14-00029F1B        8
17407C     23B    No     00029F1C-0002A15B      240
1742C0       7    No     0002A15C-0002A167        C
1742D0      17    No     0002A168-0002A183       1C
1742F0      97    No     0002A184-0002A21F       9C
17438E       7    No     0002A220-0002A22B        C
1743A0       5    No     0002A22C-0002A235        A
1743B0       3    No     0002A236-0002A23D        8
1743C9       F    Yes    0002A23E-0002A245        8
1743E0      3B    No     0002A246-0002A285       40
17441C      6C    Yes    0002A286-0002A28D        8
174488       6    No     0002A28E-0002A298        B
174499      17    No     0002A299-0002A2B4       1C
1744B7      88    No     0002A2B5-0002A341       8D
17453F       E    Yes    0002A342-0002A349        8
17454E       1    No     0002A34A-0002A34F        6
17454F       F    Yes    0002A350-0002A357        8
174560     101    No     0002A358-0002A45D      106
174672       5    Yes    0002A45E-0002A465        8
174680     160    No     0002A466-0002A5CA      165
1747E8      1A    Yes    0002A5CB-0002A5D2        8
174802      AE    No     0002A5D3-0002A685       B3
1748B0      10    Yes    0002A686-0002A68D        8
1748C0      98    No     0002A68E-0002A72A       9D
174958       E    Yes    0002A72B-0002A732        8
174966     15A    No     0002A733-0002A891      15F
174AC0       8    Yes    0002A892-0002A899        8
174ACE       1    No     0002A89A-0002A89F        6
174ADB      1F    No     0002A8A0-0002A8C3       24
174B00      17    No     0002A8C4-0002A8DF       1C
174B20      13    No     0002A8E0-0002A8F7       18
174B40      78    No     0002A8F8-0002A974       7D
174BC0      19    No     0002A975-0002A992       1E
174BE0      78    No     0002A993-0002AA0F       7D
174C58      28    Yes    0002AA10-0002AA17        8
174C80       F    No     0002AA18-0002AA2B       14
174C8F      11    Yes    0002AA2C-0002AA33        8
174CA0      89    No     0002AA34-0002AAC1       8E
174D40       B    No     0002AAC2-0002AAD1       10
174D60      19    No     0002AAD2-0002AAEF       1E
174D80      1A    No     0002AAF0-0002AB0E       1F
174DA0      3E    No     0002AB0F-0002AB51       43
174DE4       B    No     0002AB52-0002AB61       10
174DF7       7    No     0002AB62-0002AB6D        C
174F00     180    Yes    0002AB6E-0002AB75        8
175080     20B    No     0002AB76-0002AD85      210
17528B      15    Yes    0002AD86-0002AD8D        8
1752A0     2B0    No     0002AD8E-0002B042      2B5
175550      10    Yes    0002B043-0002B04A        8
175560     26F    No     0002B04B-0002B2BE      274
1757CF      11    Yes    0002B2BF-0002B2C6        8
1757E0      87    No     0002B2C7-0002B352       8C
175867      23    Yes    0002B353-0002B35A        8
17588A     2E1    No     0002B35B-0002B640      2E6
175B6B      15    Yes    0002B641-0002B648        8
175B80      12    No     0002B649-0002B65F       17
175B92       E    Yes    0002B660-0002B667        8
175BA0     1CF    No     0002B668-0002B83B      1D4
175D6F      11    Yes    0002B83C-0002B843        8
175D80      33    No     0002B844-0002B87B       38
175DB3      15    Yes    0002B87C-0002B883        8
175DC8     1E8    No     0002B884-0002BA70      1ED
175FB0       E    Yes    0002BA71-0002BA78        8
175FBE     411    No     0002BA79-0002BE8E      416
1763CF      11    Yes    0002BE8F-0002BE96        8
1763E0     26F    No     0002BE97-0002C10A      274
17664F      11    Yes    0002C10B-0002C112        8
176660     12F    No     0002C113-0002C246      134
17678F      11    Yes    0002C247-0002C24E        8
1767A0     16F    No     0002C24F-0002C3C2      174
17690F      11    Yes    0002C3C3-0002C3CA        8
176920     44D    No     0002C3CB-0002C81C      452
176D6D      13    Yes    0002C81D-0002C824        8
176D80     14F    No     0002C825-0002C978      154
176ECF      11    Yes    0002C979-0002C980        8
176EE0     24F    No     0002C981-0002CBD4      254
17712F      11    Yes    0002CBD5-0002CBDC        8
177140     4B0    No     0002CBDD-0002D091      4B5
1775F0      10    Yes    0002D092-0002D099        8
177600     110    No     0002D09A-0002D1AE      115
177710      11    Yes    0002D1AF-0002D1B6        8
177721       F    No     0002D1B7-0002D1CA       14
177730      10    Yes    0002D1CB-0002D1D2        8
177740      90    No     0002D1D3-0002D267       95
1777D0      10    Yes    0002D268-0002D26F        8
1777E0      58    No     0002D270-0002D2CC       5D
177840      D2    No     0002D2CD-0002D3A3       D7
177918       1    No     0002D3A4-0002D3A9        6
177920      12    No     0002D3AA-0002D3C0       17
177938      1F    No     0002D3C1-0002D3E4       24
177960      90    No     0002D3E5-0002D479       95
1779F1       8    Yes    0002D47A-0002D481        8
177A00      10    No     0002D482-0002D496       15
177A1E      12    No     0002D497-0002D4AD       17
177A30      10    Yes    0002D4AE-0002D4B5        8
177A40      4F    No     0002D4B6-0002D509       54
177A8F      11    Yes    0002D50A-0002D511        8
177AA0      50    No     0002D512-0002D566       55
177AF0       9    Yes    0002D567-0002D56E        8
177B00      30    No     0002D56F-0002D5A3       35
177B30      10    Yes    0002D5A4-0002D5AB        8
177B40      71    No     0002D5AC-0002D621       76
177BB1       F    Yes    0002D622-0002D629        8
177BC0      70    No     0002D62A-0002D69E       75
177C33       D    Yes    0002D69F-0002D6A6        8
177C41     12E    No     0002D6A7-0002D7D9      133
177D7A      12    No     0002D7DA-0002D7F0       17
177D8C      11    Yes    0002D7F1-0002D7F8        8
177DA0      1F    No     0002D7F9-0002D81C       24
177DBF     241    Yes    0002D81D-0002D824        8
1798C0      20    No     0002D825-0002D849       25
1798E8       8    No     0002D84A-0002D856        D
1798FA      46    No     0002D857-0002D8A1       4B
179946       A    No     0002D8A2-0002D8B0        F
17995E      94    No     0002D8B1-0002D949       99
1799F8     208    No     0002D94A-0002DB56      20D
179C00      20    Yes    0002DB57-0002DB5E        8
179C20     120    No     0002DB5F-0002DC83      125
179D46       A    No     0002DC84-0002DC92        F
179D58     57A    No     0002DC93-0002E211      57F
17A2D2       8    Yes    0002E212-0002E219        8
17A2E0     125    No     0002E21A-0002E343      12A
17A40C       8    No     0002E344-0002E350        D
17A41E      A5    No     0002E351-0002E3FA       AA
17A4C3      1D    Yes    0002E3FB-0002E402        8
17A4E0      2F    No     0002E403-0002E436       34
17A50F       F    Yes    0002E437-0002E43E        8
17A520      8D    No     0002E43F-0002E4D0       92
17A5AD      13    Yes    0002E4D1-0002E4D8        8
17A5C0      4F    No     0002E4D9-0002E52C       54
17A616       2    No     0002E52D-0002E533        7
17A620      27    No     0002E534-0002E55F       2C
17A64E       8    No     0002E560-0002E56C        D
17A660       5    No     0002E56D-0002E576        A
17A665      1B    Yes    0002E577-0002E57E        8
17A680      60    No     0002E57F-0002E5E3       65
17A6E6       A    No     0002E5E4-0002E5F2        F
17A6FE      52    No     0002E5F3-0002E649       57
17A756      59    No     0002E64A-0002E6A7       5E
17A7B8      58    No     0002E6A8-0002E704       5D
17A818      B8    No     0002E705-0002E7C1       BD
17A8DA      4F    No     0002E7C2-0002E815       54
17A932     2F3    No     0002E816-0002EB0D      2F8
17AC30       3    No     0002EB0E-0002EB15        8
17AC40     219    No     0002EB16-0002ED33      21E
17AE60      A9    No     0002ED34-0002EDE1       AE
17AF11       9    No     0002EDE2-0002EDEF        E
17AF20       4    No     0002EDF0-0002EDF8        9
17AF30       3    No     0002EDF9-0002EE00        8
17AF40       6    No     0002EE01-0002EE0B        B
17AF50       6    No     0002EE0C-0002EE16        B
17AF60      A6    No     0002EE17-0002EEC1       AB
17B010       5    No     0002EEC2-0002EECB        A
17B020      E0    No     0002EECC-0002EFB0       E5
17B106       A    No     0002EFB1-0002EFBF        F
17B11C       3    No     0002EFC0-0002EFC7        8
17B120       9    Yes    0002EFC8-0002EFCF        8
17B12E       1    No     0002EFD0-0002EFD5        6
17B130       A    Yes    0002EFD6-0002EFDD        8
17B13E       8    No     0002EFDE-0002EFEA        D
17B146       D    Yes    0002EFEB-0002EFF2        8
17B154       2    No     0002EFF3-0002EFF9        7
17B156       A    Yes    0002EFFA-0002F001        8
17B164      CC    No     0002F002-0002F0D2       D1
17B236     36C    No     0002F0D3-0002F443      371
17B5A2       E    Yes    0002F444-0002F44B        8
17B5B0     2C9    No     0002F44C-0002F719      2CE
17B880     546    No     0002F71A-0002FC64      54B
17BDCC       A    No     0002FC65-0002FC73        F
17BDDC     5A6    No     0002FC74-0003021E      5AB
17C382       F    Yes    0003021F-00030226        8
17C391       3    No     00030227-0003022E        8
17C394      13    Yes    0003022F-00030236        8
17C3A7     156    No     00030237-00030391      15B
17C506      1A    No     00030392-000303B0       1F
17C520       E    Yes    000303B1-000303B8        8
17C52E       2    No     000303B9-000303BF        7
17C530       E    Yes    000303C0-000303C7        8
17C53E      7A    No     000303C8-00030446       7F
17C5B8      10    Yes    00030447-0003044E        8
17C5C8      DA    No     0003044F-0003052D       DF
17C6A2       F    Yes    0003052E-00030535        8
17C6B1       1    No     00030536-0003053B        6
17C6B2       E    Yes    0003053C-00030543        8
17C6C0      59    No     00030544-000305A1       5E
17C721     1DF    No     000305A2-00030785      1E4
17C900       D    Yes    00030786-0003078D        8
17C90E       2    No     0003078E-00030794        7
17C910       E    Yes    00030795-0003079C        8
17C91E      43    No     0003079D-000307E4       48
17C961       F    Yes    000307E5-000307EC        8
17C971       1    No     000307ED-000307F2        6
17C972       E    Yes    000307F3-000307FA        8
17C980      58    No     000307FB-00030857       5D
17C9D8      30    Yes    00030858-0003085F        8
17CA08      38    No     00030860-0003089C       3D
17CA48     158    Yes    0003089D-000308A4        8
17CBA0      7F    No     000308A5-00030928       84
17CC1F       F    Yes    00030929-00030930        8
17CC2E       1    No     00030931-00030936        6
17CC2F     131    Yes    00030937-0003093E        8
17CD60      E0    No     0003093F-00030A23       E5
17CE48      B8    Yes    00030A24-00030A2B        8
17CF00      50    No     00030A2C-00030A80       55
17CF50      10    Yes    00030A81-00030A88        8
17CF60      10    No     00030A89-00030A9D       15
17CF70      10    Yes    00030A9E-00030AA5        8
17CF80      80    No     00030AA6-00030B2A       85
17D009      B7    Yes    00030B2B-00030B32        8
17D0C0      70    No     00030B33-00030BA7       75
17D130      10    Yes    00030BA8-00030BAF        8
17D140      A0    No     00030BB0-00030C54       A5
17D1E0      9F    Yes    00030C55-00030C5C        8
17D280      77    No     00030C5D-00030CD8       7C
17D2FE      82    No     00030CD9-00030D5F       87
17D386       A    No     00030D60-00030D6E        F
17D398       7    No     00030D6F-00030D7A        C
17D39F       F    Yes    00030D7B-00030D82        8
17D3AE       1    No     00030D83-00030D88        6
17D3AF      91    Yes    00030D89-00030D90        8
17D440     118    No     00030D91-00030EAD      11D
17D55C      6B    Yes    00030EAE-00030EB5        8
17D5C8      99    No     00030EB6-00030F53       9E
17D66A       5    No     00030F54-00030F5D        A
17D680       7    No     00030F5E-00030F69        C
17D690       6    No     00030F6A-00030F74        B
17D6A0       7    No     00030F75-00030F80        C
17D6B0       6    No     00030F81-00030F8B        B
17D6C0       5    No     00030F8C-00030F95        A
17D6D0       3    No     00030F96-00030F9D        8
17D740       7    No     00030F9E-00030FA9        C
17D760       7    No     00030FAA-00030FB5        C
17D770       5    No     00030FB6-00030FBF        A
17D781       6    No     00030FC0-00030FCA        B
17D7A0       3    No     00030FCB-00030FD2        8
17D7A4     25C    Yes    00030FD3-00030FDA        8
180F66      59    Yes    00030FDB-00030FE2        8
180FC2      3E    No     00030FE3-00031025       43
181008       8    No     00031026-00031032        D
181019      45    No     00031033-0003107C       4A
18105E      A2    Yes    0003107D-00031084        8
181100      C0    No     00031085-00031149       C5
1811C0      5C    Yes    0003114A-00031151        8
181240     100    No     00031152-00031256      105
18138E       2    No     00031257-0003125D        7
18139E     102    No     0003125E-00031364      107
1814E0     120    No     00031365-00031489      125
181640     120    No     0003148A-000315AE      125
18178E       2    No     000315AF-000315B5        7
18179E     122    No     000315B6-000316DC      127
1818E0     140    No     000316DD-00031821      145
181A20      20    Yes    00031822-00031829        8
181A40      6F    No     0003182A-0003189D       74
181AAF       E    Yes    0003189E-000318A5        8
181ABD      85    No     000318A6-0003192F       8A
181B4A       8    No     00031930-0003193C        D
181B5B       6    No     0003193D-00031947        B
181B61      10    Yes    00031948-0003194F        8
181B71       1    No     00031950-00031955        6
181B72      2E    Yes    00031956-0003195D        8
181BA0      CB    No     0003195E-00031A2D       D0
181C71      14    No     00031A2E-00031A46       19
181C91       5    No     00031A47-00031A50        A
181CA0       1    No     00031A51-00031A56        6
181CAE       4    No     00031A57-00031A5F        9
181CBE      22    Yes    00031A60-00031A67        8
181CE0      DF    No     00031A68-00031B4B       E4
181DE0      E0    No     00031B4C-00031C30       E5
181EC0      20    Yes    00031C31-00031C38        8
181EE0     3F6    No     00031C39-00032033      3FB
1822D6      2A    Yes    00032034-0003203B        8
182300      C0    No     0003203C-00032100       C5
1823C8       8    No     00032101-0003210D        D
1823D9       7    No     0003210E-00032119        C
1823E0      20    Yes    0003211A-00032121        8
182400      DE    No     00032122-00032204       E3
1824DE      2F    Yes    00032205-0003220C        8
18250D       3    No     0003220D-00032214        8
182511       D    Yes    00032215-0003221C        8
18251E      61    No     0003221D-00032282       66
18257F      26    Yes    00032283-0003228A        8
1825AD       9    No     0003228B-00032298        E
1825BF       5    No     00032299-000322A2        A
1825D1       1    No     000322A3-000322A8        6
1825E0      1F    No     000322A9-000322CC       24
182605       B    No     000322CD-000322DC       10
182616       A    No     000322DD-000322EB        F
182644       C    No     000322EC-000322FC       11
182656      DA    No     000322FD-000323DB       DF
182731       F    Yes    000323DC-000323E3        8
182740      5F    No     000323E4-00032447       64
18279F      41    Yes    00032448-0003244F        8
1827E1     113    No     00032450-00032567      118
1828F4      4D    Yes    00032568-0003256F        8
182941       3    No     00032570-00032577        8
182944      1D    Yes    00032578-0003257F        8
182961      C5    No     00032580-00032649       CA
182A30       6    No     0003264A-00032654        B
182A40      83    Yes    00032655-0003265C        8
182AC3      BB    No     0003265D-0003271C       C0
182B80      BC    Yes    0003271D-00032724        8
182C40      7F    No     00032725-000327A8       84
182CBF      E1    Yes    000327A9-000327B0        8
182DA0      80    No     000327B1-00032835       85
182E2D       3    No     00032836-0003283D        8
182E3C      34    No     0003283E-00032876       39
182E70       C    Yes    00032877-0003287E        8
182E7E       1    No     0003287F-00032884        6
182E80      80    Yes    00032885-0003288C        8
182F00      3A    No     0003288D-000328CB       3F
182F54       C    Yes    000328CC-000328D3        8
182F60       2    No     000328D4-000328DA        7
182F62       E    Yes    000328DB-000328E2        8
182F70       1    No     000328E3-000328E8        6
182F71       F    Yes    000328E9-000328F0        8
182F80      19    No     000328F1-0003290E       1E
182FA0      33    No     0003290F-00032946       38
182FD3      8E    Yes    00032947-0003294E        8
183061      4F    No     0003294F-000329A2       54
1830B0       F    Yes    000329A3-000329AA        8
1830BF       1    No     000329AB-000329B0        6
1830C0     121    Yes    000329B1-000329B8        8
1831E1       1    No     000329B9-000329BE        6
1831E2       E    Yes    000329BF-000329C6        8
183201      11    No     000329C7-000329DC       16
183218      66    Yes    000329DD-000329E4        8
1832A4      5B    No     000329E5-00032A44       60
1833A0       2    No     00032A45-00032A4B        7
1833A8       9    No     00032A4C-00032A59        E
1833BA      84    No     00032A5A-00032AE2       89
18344A       6    No     00032AE3-00032AED        B
18345D       3    No     00032AEE-00032AF5        8
18346D      17    Yes    00032AF6-00032AFD        8
1834A0      C0    No     00032AFE-00032BC2       C5
183560       E    Yes    00032BC3-00032BCA        8
18356E       1    No     00032BCB-00032BD0        6
18356F      31    Yes    00032BD1-00032BD8        8
1835A0      C5    No     00032BD9-00032CA2       CA
1836A0      C0    No     00032CA3-00032D67       C5
183760       E    Yes    00032D68-00032D6F        8
18376E       1    No     00032D70-00032D75        6
18376F      31    Yes    00032D76-00032D7D        8
1837A0      16    No     00032D7E-00032D98       1B
1837BE      C1    No     00032D99-00032E5E       C6
18387F      21    Yes    00032E5F-00032E66        8
1838A0     1E3    No     00032E67-0003304E      1E8
183A90       1    No     0003304F-00033054        6
183AA0      3E    No     00033055-00033097       43
183AE8       7    No     00033098-000330A3        C
183B00       F    No     000330A4-000330B7       14
183B0F      17    Yes    000330B8-000330BF        8
183B26       9    No     000330C0-000330CD        E
183B2F      10    Yes    000330CE-000330D5        8
183B40      3F    No     000330D6-00033119       44
183BA0       1    No     0003311A-0003311F        6
183BC0       1    No     00033120-00033125        6
183BE0       1    No     00033126-0003312B        6
183C60      9D    Yes    0003312C-00033133        8
183D04       C    No     00033134-00033144       11
183D16      3A    No     00033145-00033183       3F
183D5A       5    No     00033184-0003318D        A
183D68       8    No     0003318E-0003319A        D
183D7C       3    No     0003319B-000331A2        8
183DC0      1F    Yes    000331A3-000331AA        8
183DE0       F    No     000331AB-000331BE       14
183DF0       A    Yes    000331BF-000331C6        8
183E00      84    No     000331C7-0003324F       89
183E90       3    No     00033250-00033257        8
183ECA       6    No     00033258-00033262        B
183EDC      A4    No     00033263-0003330B       A9
183FC0      A3    No     0003330C-000333B3       A8
18406A       7    No     000333B4-000333BF        C
18407C       3    No     000333C0-000333C7        8
1840A1       1    No     000333C8-000333CD        6
1840C0      BF    No     000333CE-00033491       C4
1841C0      15    No     00033492-000334AB       1A
1841E0      79    No     000334AC-00033529       7E
184260      19    No     0003352A-00033547       1E
184280      19    No     00033548-00033565       1E
187F43      BD    Yes    00033566-0003356D        8
188000      10    No     0003356E-00033582       15
188017       9    Yes    00033583-0003358A        8
188020      73    No     0003358B-00033602       78
18809A      50    No     00033603-00033657       55
1880F0       A    Yes    00033658-0003365F        8
188100      10    No     00033660-00033674       15
188110      10    Yes    00033675-0003367C        8
188120      11    No     0003367D-00033692       16
188131      13    Yes    00033693-0003369A        8
188144       C    No     0003369B-000336AB       11
188151      15    Yes    000336AC-000336B3        8
188166      2A    No     000336B4-000336E2       2F
188190      10    Yes    000336E3-000336EA        8
1881A1      34    No     000336EB-00033723       39
1881DE      52    No     00033724-0003377A       57
188230       F    Yes    0003377B-00033782        8
188241       F    No     00033783-00033796       14
188256      FA    No     00033797-00033895       FF
188354       6    Yes    00033896-0003389D        8
18835E      72    No     0003389E-00033914       77
1883D0       E    Yes    00033915-0003391C        8
1883DE      AE    No     0003391D-000339CF       B3
18848C      14    Yes    000339D0-000339D7        8
1884A1       B    No     000339D8-000339E7       10
1884B4       7    No     000339E8-000339F3        C
1884C1      DE    No     000339F4-00033AD6       E3
18859F      10    Yes    00033AD7-00033ADE        8
1885AF       1    No     00033ADF-00033AE4        6
1885B0      10    Yes    00033AE5-00033AEC        8
1885C0      70    No     00033AED-00033B61       75
188638      18    No     00033B62-00033B7E       1D
188650      10    Yes    00033B7F-00033B86        8
188660      B0    No     00033B87-00033C3B       B5
188710       F    Yes    00033C3C-00033C43        8
188720      44    No     00033C44-00033C8C       49
18876A       1    No     00033C8D-00033C92        6
188780      10    No     00033C93-00033CA7       15
188790      10    Yes    00033CA8-00033CAF        8
1887A0      39    No     00033CB0-00033CED       3E
1887D9      2F    Yes    00033CEE-00033CF5        8
188808     188    No     00033CF6-00033E82      18D
188994       A    Yes    00033E83-00033E8A        8
18899E     4EB    No     00033E8B-0003437A      4F0
188E90       8    No     0003437B-00034387        D
188EA0     1F0    No     00034388-0003457C      1F5
189097     258    No     0003457D-000347D9      25D
1892EF      11    Yes    000347DA-000347E1        8
189300     143    No     000347E2-00034929      148
189443      1D    Yes    0003492A-00034931        8
189460      2D    No     00034932-00034963       32
18948D      13    Yes    00034964-0003496B        8
1894A0      C5    No     0003496C-00034A35       CA
189570       6    No     00034A36-00034A40        B
189580       7    No     00034A41-00034A4C        C
189590       6    Yes    00034A4D-00034A54        8
1895A0      16    No     00034A55-00034A6F       1B
1895B6      4A    Yes    00034A70-00034A77        8
194F00     5FD    No     00034A78-00035079      602
1954FD      1A    Yes    0003507A-00035081        8
195517      48    No     00035082-000350CE       4D
19555F      1A    Yes    000350CF-000350D6        8
19557A     875    No     000350D7-00035950      87A
195DEF      17    Yes    00035951-00035958        8
195E06     415    No     00035959-00035D72      41A
196231     172    No     00035D73-00035EE9      177
------    ----    EOF    00035EEA-00035EEC        3

Total Patches: 773 (1907)
